2024-07-08 08:04:41 INFO::Writing function arguments to log file
2024-07-08 08:04:41 DEBUG::Function arguments
2024-07-08 08:04:41 DEBUG::Output folder: Maaslin2_d1_lm_CLR_notransf_log
2024-07-08 08:04:41 DEBUG::Min Abundance: 0.000000
2024-07-08 08:04:41 DEBUG::Min Prevalence: 0.001000
2024-07-08 08:04:41 DEBUG::Normalization: CLR
2024-07-08 08:04:41 DEBUG::Transform: LOG
2024-07-08 08:04:41 DEBUG::Analysis method: LM
2024-07-08 08:04:41 DEBUG::Max significance: 0.250000
2024-07-08 08:04:41 DEBUG::Random effects: studyID
2024-07-08 08:04:41 DEBUG::Fixed effects: heart_cond
2024-07-08 08:04:41 DEBUG::Correction method: BH
2024-07-08 08:04:41 DEBUG::Standardize: TRUE
2024-07-08 08:04:41 DEBUG::Cores: 1
2024-07-08 08:04:41 INFO::Verifying options selected are valid
2024-07-08 08:04:41 INFO::Determining format of input files
2024-07-08 08:04:41 INFO::Input format is data samples as rows and metadata samples as rows
2024-07-08 08:04:41 DEBUG::A total of 95 samples were found in both the data and metadata
2024-07-08 08:04:41 DEBUG::Reordering data/metadata to use same sample ordering
2024-07-08 08:04:41 INFO::Formula for random effects: expr ~ (1 | studyID)
2024-07-08 08:04:41 INFO::Formula for fixed effects: expr ~  heart_cond
2024-07-08 08:04:41 INFO::Filter data based on min abundance and min prevalence
2024-07-08 08:04:41 INFO::Total samples in data: 95
2024-07-08 08:04:41 INFO::Min samples required with min abundance for a feature not to be filtered: 0.095000
2024-07-08 08:04:41 INFO::Total filtered features: 0
2024-07-08 08:04:41 INFO::Filtered feature names from abundance and prevalence filtering:
2024-07-08 08:04:41 INFO::Total filtered features with variance filtering: 1
2024-07-08 08:04:41 INFO::Filtered feature names from variance filtering: sample
2024-07-08 08:04:41 INFO::Running selected normalization method: CLR
2024-07-08 08:04:42 INFO::Applying z-score to standardize continuous metadata
2024-07-08 08:04:42 INFO::Running selected transform method: LOG
2024-07-08 08:04:43 INFO::Running selected analysis method: LM
2024-07-08 08:04:43 INFO::Fitting model to feature number 1, Acetopyruvic.acid
2024-07-08 08:04:43 WARNING::Fitting problem for feature 1 returning NA
2024-07-08 08:04:43 INFO::Fitting model to feature number 2, Allantoic.acid
2024-07-08 08:04:43 WARNING::Fitting problem for feature 2 returning NA
2024-07-08 08:04:43 INFO::Fitting model to feature number 3, Aloeemodin
2024-07-08 08:04:43 WARNING::Fitting problem for feature 3 returning NA
2024-07-08 08:04:43 INFO::Fitting model to feature number 4, Daidzein
2024-07-08 08:04:43 WARNING::Fitting problem for feature 4 returning NA
2024-07-08 08:04:43 INFO::Fitting model to feature number 5, Gallocatechin
2024-07-08 08:04:43 WARNING::Fitting problem for feature 5 returning NA
2024-07-08 08:04:43 INFO::Fitting model to feature number 6, Glutamyl.valine
2024-07-08 08:04:43 WARNING::Fitting problem for feature 6 returning NA
2024-07-08 08:04:43 INFO::Fitting model to feature number 7, Sinapinic.acid
2024-07-08 08:04:43 WARNING::Fitting problem for feature 7 returning NA
2024-07-08 08:04:43 INFO::Fitting model to feature number 8, Taurine
2024-07-08 08:04:43 WARNING::Fitting problem for feature 8 returning NA
2024-07-08 08:04:43 INFO::Fitting model to feature number 9, Valerenic.acid
2024-07-08 08:04:43 WARNING::Fitting problem for feature 9 returning NA
2024-07-08 08:04:43 INFO::Fitting model to feature number 10, Senecioic.acid
2024-07-08 08:04:43 WARNING::Fitting problem for feature 10 returning NA
2024-07-08 08:04:43 INFO::Fitting model to feature number 11, Scopoletin
2024-07-08 08:04:43 WARNING::Fitting problem for feature 11 returning NA
2024-07-08 08:04:43 INFO::Fitting model to feature number 12, Urea
2024-07-08 08:04:43 WARNING::Fitting problem for feature 12 returning NA
2024-07-08 08:04:43 INFO::Fitting model to feature number 13, Maleimide
2024-07-08 08:04:43 WARNING::Fitting problem for feature 13 returning NA
2024-07-08 08:04:43 INFO::Fitting model to feature number 14, N.methylglutamic.acid
2024-07-08 08:04:43 WARNING::Fitting problem for feature 14 returning NA
2024-07-08 08:04:43 INFO::Fitting model to feature number 15, Resorcinol
2024-07-08 08:04:43 WARNING::Fitting problem for feature 15 returning NA
2024-07-08 08:04:43 INFO::Fitting model to feature number 16, X4.acetamino.phenol
2024-07-08 08:04:43 WARNING::Fitting problem for feature 16 returning NA
2024-07-08 08:04:43 INFO::Fitting model to feature number 17, Palmitoleic.acid
2024-07-08 08:04:43 WARNING::Fitting problem for feature 17 returning NA
2024-07-08 08:04:43 INFO::Fitting model to feature number 18, X2.monostearin
2024-07-08 08:04:44 WARNING::Fitting problem for feature 18 returning NA
2024-07-08 08:04:44 INFO::Fitting model to feature number 19, Ferulic.acid
2024-07-08 08:04:44 WARNING::Fitting problem for feature 19 returning NA
2024-07-08 08:04:44 INFO::Fitting model to feature number 20, X2.o.methyl.gluconic.acid
2024-07-08 08:04:44 WARNING::Fitting problem for feature 20 returning NA
2024-07-08 08:04:44 INFO::Fitting model to feature number 21, Tryptophol
2024-07-08 08:04:44 WARNING::Fitting problem for feature 21 returning NA
2024-07-08 08:04:44 INFO::Fitting model to feature number 22, X4.methylcatechol
2024-07-08 08:04:44 WARNING::Fitting problem for feature 22 returning NA
2024-07-08 08:04:44 INFO::Fitting model to feature number 23, X4.deoxyerythronic.acid
2024-07-08 08:04:44 WARNING::Fitting problem for feature 23 returning NA
2024-07-08 08:04:44 INFO::Fitting model to feature number 24, Furosemide
2024-07-08 08:04:44 WARNING::Fitting problem for feature 24 returning NA
2024-07-08 08:04:44 INFO::Fitting model to feature number 25, Cytidine
2024-07-08 08:04:44 WARNING::Fitting problem for feature 25 returning NA
2024-07-08 08:04:44 INFO::Fitting model to feature number 26, X2.ketobutyric.acid
2024-07-08 08:04:44 WARNING::Fitting problem for feature 26 returning NA
2024-07-08 08:04:44 INFO::Fitting model to feature number 27, X3.6.dimethyl.2.5.dihydroxy.pyrazine
2024-07-08 08:04:44 WARNING::Fitting problem for feature 27 returning NA
2024-07-08 08:04:44 INFO::Fitting model to feature number 28, X6.7.dimethyl.4.hydroxy.2.pteridinamine
2024-07-08 08:04:44 WARNING::Fitting problem for feature 28 returning NA
2024-07-08 08:04:44 INFO::Fitting model to feature number 29, X2.pyrrolidinone
2024-07-08 08:04:44 WARNING::Fitting problem for feature 29 returning NA
2024-07-08 08:04:44 INFO::Fitting model to feature number 30, X4.cumylphenol
2024-07-08 08:04:44 WARNING::Fitting problem for feature 30 returning NA
2024-07-08 08:04:44 INFO::Fitting model to feature number 31, X2.monopalmitin
2024-07-08 08:04:44 WARNING::Fitting problem for feature 31 returning NA
2024-07-08 08:04:44 INFO::Fitting model to feature number 32, Adrenaline
2024-07-08 08:04:44 WARNING::Fitting problem for feature 32 returning NA
2024-07-08 08:04:44 INFO::Fitting model to feature number 33, Isochlorogenic.acid
2024-07-08 08:04:44 WARNING::Fitting problem for feature 33 returning NA
2024-07-08 08:04:44 INFO::Fitting model to feature number 34, N.methyl.l.leucine
2024-07-08 08:04:44 WARNING::Fitting problem for feature 34 returning NA
2024-07-08 08:04:44 INFO::Fitting model to feature number 35, X1.2.4.butanetriol
2024-07-08 08:04:44 WARNING::Fitting problem for feature 35 returning NA
2024-07-08 08:04:44 INFO::Fitting model to feature number 36, Itaconic.acid
2024-07-08 08:04:44 WARNING::Fitting problem for feature 36 returning NA
2024-07-08 08:04:44 INFO::Fitting model to feature number 37, X3.indoleacetonitrile
2024-07-08 08:04:44 WARNING::Fitting problem for feature 37 returning NA
2024-07-08 08:04:44 INFO::Fitting model to feature number 38, X1.2.bis.aminothio.benzene
2024-07-08 08:04:44 WARNING::Fitting problem for feature 38 returning NA
2024-07-08 08:04:44 INFO::Fitting model to feature number 39, X5.6.dihydro.5.methyluracil
2024-07-08 08:04:44 WARNING::Fitting problem for feature 39 returning NA
2024-07-08 08:04:44 INFO::Fitting model to feature number 40, X4.hydroxy.benzoic.acid
2024-07-08 08:04:44 WARNING::Fitting problem for feature 40 returning NA
2024-07-08 08:04:44 INFO::Fitting model to feature number 41, X2.ketoisovaleric.acid
2024-07-08 08:04:44 WARNING::Fitting problem for feature 41 returning NA
2024-07-08 08:04:44 INFO::Fitting model to feature number 42, X2..hydroxyacetophenone
2024-07-08 08:04:44 WARNING::Fitting problem for feature 42 returning NA
2024-07-08 08:04:44 INFO::Fitting model to feature number 43, X3.methyl.2.ketobutyric.acid
2024-07-08 08:04:44 WARNING::Fitting problem for feature 43 returning NA
2024-07-08 08:04:44 INFO::Fitting model to feature number 44, Benzamide
2024-07-08 08:04:44 WARNING::Fitting problem for feature 44 returning NA
2024-07-08 08:04:44 INFO::Fitting model to feature number 45, Xylonic.acid
2024-07-08 08:04:44 WARNING::Fitting problem for feature 45 returning NA
2024-07-08 08:04:44 INFO::Fitting model to feature number 46, Purine
2024-07-08 08:04:44 WARNING::Fitting problem for feature 46 returning NA
2024-07-08 08:04:44 INFO::Fitting model to feature number 47, Cholesterone
2024-07-08 08:04:44 WARNING::Fitting problem for feature 47 returning NA
2024-07-08 08:04:44 INFO::Fitting model to feature number 48, Citrazinic
2024-07-08 08:04:44 WARNING::Fitting problem for feature 48 returning NA
2024-07-08 08:04:44 INFO::Fitting model to feature number 49, Beta.alanine
2024-07-08 08:04:44 WARNING::Fitting problem for feature 49 returning NA
2024-07-08 08:04:44 INFO::Fitting model to feature number 50, Homovanillic.acid
2024-07-08 08:04:44 WARNING::Fitting problem for feature 50 returning NA
2024-07-08 08:04:44 INFO::Fitting model to feature number 51, Phenylethylamine
2024-07-08 08:04:44 WARNING::Fitting problem for feature 51 returning NA
2024-07-08 08:04:44 INFO::Fitting model to feature number 52, X1.3.dihydroxypyridine
2024-07-08 08:04:44 WARNING::Fitting problem for feature 52 returning NA
2024-07-08 08:04:44 INFO::Fitting model to feature number 53, Pyrazine..3.6.dihydro.3.6.dimethyl.2.5.dihydroxy.
2024-07-08 08:04:44 WARNING::Fitting problem for feature 53 returning NA
2024-07-08 08:04:44 INFO::Fitting model to feature number 54, Hydroxypropanedioic.acid
2024-07-08 08:04:44 WARNING::Fitting problem for feature 54 returning NA
2024-07-08 08:04:44 INFO::Fitting model to feature number 55, Diacetone.alcohol
2024-07-08 08:04:44 WARNING::Fitting problem for feature 55 returning NA
2024-07-08 08:04:44 INFO::Fitting model to feature number 56, Cyano.l.alanine
2024-07-08 08:04:44 WARNING::Fitting problem for feature 56 returning NA
2024-07-08 08:04:44 INFO::Fitting model to feature number 57, N.acetyl.d.tryptophan
2024-07-08 08:04:44 WARNING::Fitting problem for feature 57 returning NA
2024-07-08 08:04:44 INFO::Fitting model to feature number 58, X1.methyladenosine
2024-07-08 08:04:44 WARNING::Fitting problem for feature 58 returning NA
2024-07-08 08:04:44 INFO::Fitting model to feature number 59, Salicylic.acid
2024-07-08 08:04:44 WARNING::Fitting problem for feature 59 returning NA
2024-07-08 08:04:44 INFO::Fitting model to feature number 60, Leucine
2024-07-08 08:04:44 WARNING::Fitting problem for feature 60 returning NA
2024-07-08 08:04:44 INFO::Fitting model to feature number 61, X4.methyl.5.thiazoleethanol
2024-07-08 08:04:44 WARNING::Fitting problem for feature 61 returning NA
2024-07-08 08:04:44 INFO::Fitting model to feature number 62, X2.methylglutaric.acid
2024-07-08 08:04:44 WARNING::Fitting problem for feature 62 returning NA
2024-07-08 08:04:44 INFO::Fitting model to feature number 63, Gamma.tocopherol
2024-07-08 08:04:44 WARNING::Fitting problem for feature 63 returning NA
2024-07-08 08:04:44 INFO::Fitting model to feature number 64, X3.hydroxypalmitic.acid
2024-07-08 08:04:44 WARNING::Fitting problem for feature 64 returning NA
2024-07-08 08:04:44 INFO::Fitting model to feature number 65, X1.deoxy.1.piperidino.alpha.d.fructose
2024-07-08 08:04:44 WARNING::Fitting problem for feature 65 returning NA
2024-07-08 08:04:44 INFO::Fitting model to feature number 66, Erythritol
2024-07-08 08:04:44 WARNING::Fitting problem for feature 66 returning NA
2024-07-08 08:04:44 INFO::Fitting model to feature number 67, Amidosulfonic.acid
2024-07-08 08:04:44 WARNING::Fitting problem for feature 67 returning NA
2024-07-08 08:04:44 INFO::Fitting model to feature number 68, X2.hydroxycaproic.acid
2024-07-08 08:04:44 WARNING::Fitting problem for feature 68 returning NA
2024-07-08 08:04:44 INFO::Fitting model to feature number 69, Trimethoprim
2024-07-08 08:04:44 WARNING::Fitting problem for feature 69 returning NA
2024-07-08 08:04:44 INFO::Fitting model to feature number 70, Aconitic.acid
2024-07-08 08:04:44 WARNING::Fitting problem for feature 70 returning NA
2024-07-08 08:04:44 INFO::Fitting model to feature number 71, Kynurenic.acid
2024-07-08 08:04:44 WARNING::Fitting problem for feature 71 returning NA
2024-07-08 08:04:44 INFO::Fitting model to feature number 72, Leucinic.acid
2024-07-08 08:04:44 WARNING::Fitting problem for feature 72 returning NA
2024-07-08 08:04:44 INFO::Fitting model to feature number 73, Glycyl.tyrosine
2024-07-08 08:04:45 WARNING::Fitting problem for feature 73 returning NA
2024-07-08 08:04:45 INFO::Fitting model to feature number 74, Linolenic.acid
2024-07-08 08:04:45 WARNING::Fitting problem for feature 74 returning NA
2024-07-08 08:04:45 INFO::Fitting model to feature number 75, N.methylalanine
2024-07-08 08:04:45 WARNING::Fitting problem for feature 75 returning NA
2024-07-08 08:04:45 INFO::Fitting model to feature number 76, X1.monoolein
2024-07-08 08:04:45 WARNING::Fitting problem for feature 76 returning NA
2024-07-08 08:04:45 INFO::Fitting model to feature number 77, X6.5h..benzo.c.phenanthridinone..11.12.dihydro.
2024-07-08 08:04:45 WARNING::Fitting problem for feature 77 returning NA
2024-07-08 08:04:45 INFO::Fitting model to feature number 78, Uridine.5..monophosphate
2024-07-08 08:04:45 WARNING::Fitting problem for feature 78 returning NA
2024-07-08 08:04:45 INFO::Fitting model to feature number 79, X3.4.dihydroxyphenylacetic.acid
2024-07-08 08:04:45 WARNING::Fitting problem for feature 79 returning NA
2024-07-08 08:04:45 INFO::Fitting model to feature number 80, O.acetylserine
2024-07-08 08:04:45 WARNING::Fitting problem for feature 80 returning NA
2024-07-08 08:04:45 INFO::Fitting model to feature number 81, Butorphanol
2024-07-08 08:04:45 WARNING::Fitting problem for feature 81 returning NA
2024-07-08 08:04:45 INFO::Fitting model to feature number 82, X3.5.5.trimethyl.3.phenyl.1.hydroxy.cyclohexene
2024-07-08 08:04:45 WARNING::Fitting problem for feature 82 returning NA
2024-07-08 08:04:45 INFO::Fitting model to feature number 83, X2.6.dimethylbenzenethiol
2024-07-08 08:04:45 WARNING::Fitting problem for feature 83 returning NA
2024-07-08 08:04:45 INFO::Fitting model to feature number 84, Cis.4.hydroxy.cyclohexylcarboxylate
2024-07-08 08:04:45 WARNING::Fitting problem for feature 84 returning NA
2024-07-08 08:04:45 INFO::Fitting model to feature number 85, Maleic.acid
2024-07-08 08:04:45 WARNING::Fitting problem for feature 85 returning NA
2024-07-08 08:04:45 INFO::Fitting model to feature number 86, Digitoxose
2024-07-08 08:04:45 WARNING::Fitting problem for feature 86 returning NA
2024-07-08 08:04:45 INFO::Fitting model to feature number 87, X3.4.dihydroxyhydrocinnamic.acid
2024-07-08 08:04:45 WARNING::Fitting problem for feature 87 returning NA
2024-07-08 08:04:45 INFO::Fitting model to feature number 88, X2.5.dihydroxy.mandelate
2024-07-08 08:04:45 WARNING::Fitting problem for feature 88 returning NA
2024-07-08 08:04:45 INFO::Fitting model to feature number 89, Oxazepam
2024-07-08 08:04:45 WARNING::Fitting problem for feature 89 returning NA
2024-07-08 08:04:45 INFO::Fitting model to feature number 90, Indole.3.acetate
2024-07-08 08:04:45 WARNING::Fitting problem for feature 90 returning NA
2024-07-08 08:04:45 INFO::Fitting model to feature number 91, X1.2.3.butanetriol
2024-07-08 08:04:45 WARNING::Fitting problem for feature 91 returning NA
2024-07-08 08:04:45 INFO::Fitting model to feature number 92, Citramalic.acid
2024-07-08 08:04:45 WARNING::Fitting problem for feature 92 returning NA
2024-07-08 08:04:45 INFO::Fitting model to feature number 93, X4.hydroxy.3.methoxyphenylglycol
2024-07-08 08:04:45 WARNING::Fitting problem for feature 93 returning NA
2024-07-08 08:04:45 INFO::Fitting model to feature number 94, Hydroquinone
2024-07-08 08:04:45 WARNING::Fitting problem for feature 94 returning NA
2024-07-08 08:04:45 INFO::Fitting model to feature number 95, X7.methylguanine
2024-07-08 08:04:45 WARNING::Fitting problem for feature 95 returning NA
2024-07-08 08:04:45 INFO::Fitting model to feature number 96, X2.hydroxy.2.pentenoic.acid
2024-07-08 08:04:45 WARNING::Fitting problem for feature 96 returning NA
2024-07-08 08:04:45 INFO::Fitting model to feature number 97, Mandelonitrile
2024-07-08 08:04:45 WARNING::Fitting problem for feature 97 returning NA
2024-07-08 08:04:45 INFO::Fitting model to feature number 98, L.asparagine
2024-07-08 08:04:45 WARNING::Fitting problem for feature 98 returning NA
2024-07-08 08:04:45 INFO::Fitting model to feature number 99, Urocanic.acid
2024-07-08 08:04:45 WARNING::Fitting problem for feature 99 returning NA
2024-07-08 08:04:45 INFO::Fitting model to feature number 100, X.s..3.4.dihydroxybutyric.acid
2024-07-08 08:04:45 WARNING::Fitting problem for feature 100 returning NA
2024-07-08 08:04:45 INFO::Fitting model to feature number 101, X3.methylene.2.phenyl.1.hydroxy.cyclopentene
2024-07-08 08:04:45 WARNING::Fitting problem for feature 101 returning NA
2024-07-08 08:04:45 INFO::Fitting model to feature number 102, N.acetyl.d.isoleucine
2024-07-08 08:04:45 WARNING::Fitting problem for feature 102 returning NA
2024-07-08 08:04:45 INFO::Fitting model to feature number 103, Dihydroxymalonic.acid
2024-07-08 08:04:45 WARNING::Fitting problem for feature 103 returning NA
2024-07-08 08:04:45 INFO::Fitting model to feature number 104, Spermine
2024-07-08 08:04:45 WARNING::Fitting problem for feature 104 returning NA
2024-07-08 08:04:45 INFO::Fitting model to feature number 105, Alizarin
2024-07-08 08:04:45 WARNING::Fitting problem for feature 105 returning NA
2024-07-08 08:04:45 INFO::Fitting model to feature number 106, Cyclohexanecarboxylic.acid
2024-07-08 08:04:45 WARNING::Fitting problem for feature 106 returning NA
2024-07-08 08:04:45 INFO::Fitting model to feature number 107, Glutathione
2024-07-08 08:04:45 WARNING::Fitting problem for feature 107 returning NA
2024-07-08 08:04:45 INFO::Fitting model to feature number 108, Melamine
2024-07-08 08:04:45 WARNING::Fitting problem for feature 108 returning NA
2024-07-08 08:04:45 INFO::Fitting model to feature number 109, Trehalose.6.phosphate
2024-07-08 08:04:45 WARNING::Fitting problem for feature 109 returning NA
2024-07-08 08:04:45 INFO::Fitting model to feature number 110, Pyruvic.acid
2024-07-08 08:04:45 WARNING::Fitting problem for feature 110 returning NA
2024-07-08 08:04:45 INFO::Fitting model to feature number 111, Alpha.tocopherol
2024-07-08 08:04:45 WARNING::Fitting problem for feature 111 returning NA
2024-07-08 08:04:45 INFO::Fitting model to feature number 112, Sulfuric.acid
2024-07-08 08:04:45 WARNING::Fitting problem for feature 112 returning NA
2024-07-08 08:04:45 INFO::Fitting model to feature number 113, X1.tetracosanol
2024-07-08 08:04:45 WARNING::Fitting problem for feature 113 returning NA
2024-07-08 08:04:45 INFO::Fitting model to feature number 114, Catechollactate
2024-07-08 08:04:45 WARNING::Fitting problem for feature 114 returning NA
2024-07-08 08:04:45 INFO::Fitting model to feature number 115, Epicatechin
2024-07-08 08:04:45 WARNING::Fitting problem for feature 115 returning NA
2024-07-08 08:04:45 INFO::Fitting model to feature number 116, X3.methyl.2.oxovaleric.acid
2024-07-08 08:04:46 WARNING::Fitting problem for feature 116 returning NA
2024-07-08 08:04:46 INFO::Fitting model to feature number 117, Resveratrol
2024-07-08 08:04:46 WARNING::Fitting problem for feature 117 returning NA
2024-07-08 08:04:46 INFO::Fitting model to feature number 118, X1.deoxy.1..4.morpholinyl..alpha.d.fructopyranose
2024-07-08 08:04:46 WARNING::Fitting problem for feature 118 returning NA
2024-07-08 08:04:46 INFO::Fitting model to feature number 119, X2..4.methyl.1.piperazinyl.ethanamine
2024-07-08 08:04:46 WARNING::Fitting problem for feature 119 returning NA
2024-07-08 08:04:46 INFO::Fitting model to feature number 120, Guanidinosuccinate
2024-07-08 08:04:46 WARNING::Fitting problem for feature 120 returning NA
2024-07-08 08:04:46 INFO::Fitting model to feature number 121, Uridine
2024-07-08 08:04:46 WARNING::Fitting problem for feature 121 returning NA
2024-07-08 08:04:46 INFO::Fitting model to feature number 122, X4a.carbinolamine.tetrahydrobiopterin
2024-07-08 08:04:46 WARNING::Fitting problem for feature 122 returning NA
2024-07-08 08:04:46 INFO::Fitting model to feature number 123, Phenylpyruvate
2024-07-08 08:04:46 WARNING::Fitting problem for feature 123 returning NA
2024-07-08 08:04:46 INFO::Fitting model to feature number 124, Dihydroxyacetone
2024-07-08 08:04:46 WARNING::Fitting problem for feature 124 returning NA
2024-07-08 08:04:46 INFO::Fitting model to feature number 125, Dl.dopa
2024-07-08 08:04:46 WARNING::Fitting problem for feature 125 returning NA
2024-07-08 08:04:46 INFO::Fitting model to feature number 126, X3.4.dihydroxyphenylvaleric.acid
2024-07-08 08:04:46 WARNING::Fitting problem for feature 126 returning NA
2024-07-08 08:04:46 INFO::Fitting model to feature number 127, X1.hexanol
2024-07-08 08:04:46 WARNING::Fitting problem for feature 127 returning NA
2024-07-08 08:04:46 INFO::Fitting model to feature number 128, X2.isopropylmalic.acid
2024-07-08 08:04:46 WARNING::Fitting problem for feature 128 returning NA
2024-07-08 08:04:46 INFO::Fitting model to feature number 129, Benzocaine
2024-07-08 08:04:46 WARNING::Fitting problem for feature 129 returning NA
2024-07-08 08:04:46 INFO::Fitting model to feature number 130, D.erythro.sphingosine
2024-07-08 08:04:46 WARNING::Fitting problem for feature 130 returning NA
2024-07-08 08:04:46 INFO::Fitting model to feature number 131, Cyclohexylamine
2024-07-08 08:04:46 WARNING::Fitting problem for feature 131 returning NA
2024-07-08 08:04:46 INFO::Fitting model to feature number 132, Ortho.hydroxyphenylacetic.acid
2024-07-08 08:04:46 WARNING::Fitting problem for feature 132 returning NA
2024-07-08 08:04:46 INFO::Fitting model to feature number 133, O.ethylhydroxylamine
2024-07-08 08:04:46 WARNING::Fitting problem for feature 133 returning NA
2024-07-08 08:04:46 INFO::Fitting model to feature number 134, Vanillin
2024-07-08 08:04:46 WARNING::Fitting problem for feature 134 returning NA
2024-07-08 08:04:46 INFO::Fitting model to feature number 135, Beta.tocopherol
2024-07-08 08:04:46 WARNING::Fitting problem for feature 135 returning NA
2024-07-08 08:04:46 INFO::Fitting model to feature number 136, Lithocholic.acid
2024-07-08 08:04:46 WARNING::Fitting problem for feature 136 returning NA
2024-07-08 08:04:46 INFO::Fitting model to feature number 137, Metharbital
2024-07-08 08:04:46 WARNING::Fitting problem for feature 137 returning NA
2024-07-08 08:04:46 INFO::Fitting model to feature number 138, Catechin
2024-07-08 08:04:46 WARNING::Fitting problem for feature 138 returning NA
2024-07-08 08:04:46 INFO::Fitting model to feature number 139, X3.5.dimethylphenol
2024-07-08 08:04:46 WARNING::Fitting problem for feature 139 returning NA
2024-07-08 08:04:46 INFO::Fitting model to feature number 140, X5.methoxypsoralen
2024-07-08 08:04:46 WARNING::Fitting problem for feature 140 returning NA
2024-07-08 08:04:46 INFO::Fitting model to feature number 141, X2.methyl.2.p.methoxy.mandelate
2024-07-08 08:04:46 WARNING::Fitting problem for feature 141 returning NA
2024-07-08 08:04:46 INFO::Fitting model to feature number 142, Pentitol
2024-07-08 08:04:46 WARNING::Fitting problem for feature 142 returning NA
2024-07-08 08:04:46 INFO::Fitting model to feature number 143, L.glutamine.dehydrated
2024-07-08 08:04:46 WARNING::Fitting problem for feature 143 returning NA
2024-07-08 08:04:46 INFO::Fitting model to feature number 144, X4.methylbenzenesulfonamide
2024-07-08 08:04:46 WARNING::Fitting problem for feature 144 returning NA
2024-07-08 08:04:46 INFO::Fitting model to feature number 145, N.carbamoylaspartate
2024-07-08 08:04:46 WARNING::Fitting problem for feature 145 returning NA
2024-07-08 08:04:46 INFO::Fitting model to feature number 146, Ergosterol
2024-07-08 08:04:46 WARNING::Fitting problem for feature 146 returning NA
2024-07-08 08:04:46 INFO::Fitting model to feature number 147, X2.3.dihydro.8.methoxyfuro.2.3.b.quinoline
2024-07-08 08:04:46 WARNING::Fitting problem for feature 147 returning NA
2024-07-08 08:04:46 INFO::Fitting model to feature number 148, Epsilon.caprolactam
2024-07-08 08:04:46 WARNING::Fitting problem for feature 148 returning NA
2024-07-08 08:04:46 INFO::Fitting model to feature number 149, N.acetyl.2.amino.2..hydroxymethyl.propane.1.3.diol
2024-07-08 08:04:46 WARNING::Fitting problem for feature 149 returning NA
2024-07-08 08:04:46 INFO::Fitting model to feature number 150, Ribonic.acid
2024-07-08 08:04:46 WARNING::Fitting problem for feature 150 returning NA
2024-07-08 08:04:46 INFO::Fitting model to feature number 151, Isohexonic.acid
2024-07-08 08:04:46 WARNING::Fitting problem for feature 151 returning NA
2024-07-08 08:04:46 INFO::Fitting model to feature number 152, Phosphenodiimidic.amide
2024-07-08 08:04:46 WARNING::Fitting problem for feature 152 returning NA
2024-07-08 08:04:46 INFO::Fitting model to feature number 153, Galactaric.acid
2024-07-08 08:04:46 WARNING::Fitting problem for feature 153 returning NA
2024-07-08 08:04:46 INFO::Fitting model to feature number 154, Erucic.acid
2024-07-08 08:04:46 WARNING::Fitting problem for feature 154 returning NA
2024-07-08 08:04:46 INFO::Fitting model to feature number 155, Phthalic.acid
2024-07-08 08:04:46 WARNING::Fitting problem for feature 155 returning NA
2024-07-08 08:04:46 INFO::Fitting model to feature number 156, X2.4.dihydroxybenzaldehyde
2024-07-08 08:04:46 WARNING::Fitting problem for feature 156 returning NA
2024-07-08 08:04:46 INFO::Fitting model to feature number 157, Metanephrine
2024-07-08 08:04:46 WARNING::Fitting problem for feature 157 returning NA
2024-07-08 08:04:46 INFO::Fitting model to feature number 158, X3.hydroxymethylglutaric.acid
2024-07-08 08:04:46 WARNING::Fitting problem for feature 158 returning NA
2024-07-08 08:04:46 INFO::Fitting model to feature number 159, Guanine
2024-07-08 08:04:46 WARNING::Fitting problem for feature 159 returning NA
2024-07-08 08:04:47 INFO::Fitting model to feature number 160, Phosphoethanolamine
2024-07-08 08:04:47 WARNING::Fitting problem for feature 160 returning NA
2024-07-08 08:04:47 INFO::Fitting model to feature number 161, X3.4.dihydroxybenzoic.acid
2024-07-08 08:04:47 WARNING::Fitting problem for feature 161 returning NA
2024-07-08 08:04:47 INFO::Fitting model to feature number 162, X5.hydroxynorvaline
2024-07-08 08:04:47 WARNING::Fitting problem for feature 162 returning NA
2024-07-08 08:04:47 INFO::Fitting model to feature number 163, Oxoglutaric.acid
2024-07-08 08:04:47 WARNING::Fitting problem for feature 163 returning NA
2024-07-08 08:04:47 INFO::Fitting model to feature number 164, Lactitol
2024-07-08 08:04:47 WARNING::Fitting problem for feature 164 returning NA
2024-07-08 08:04:47 INFO::Fitting model to feature number 165, D.fructose.1.6.bisphosphate
2024-07-08 08:04:47 WARNING::Fitting problem for feature 165 returning NA
2024-07-08 08:04:47 INFO::Fitting model to feature number 166, X5.6.dihydrouracil
2024-07-08 08:04:47 WARNING::Fitting problem for feature 166 returning NA
2024-07-08 08:04:47 INFO::Fitting model to feature number 167, D.fructose.6.phosphate
2024-07-08 08:04:47 WARNING::Fitting problem for feature 167 returning NA
2024-07-08 08:04:47 INFO::Fitting model to feature number 168, X7.hydroxynicotinic.acid
2024-07-08 08:04:47 WARNING::Fitting problem for feature 168 returning NA
2024-07-08 08:04:47 INFO::Fitting model to feature number 169, Rhamnose
2024-07-08 08:04:47 WARNING::Fitting problem for feature 169 returning NA
2024-07-08 08:04:47 INFO::Fitting model to feature number 170, Beta.gentiobiose
2024-07-08 08:04:47 WARNING::Fitting problem for feature 170 returning NA
2024-07-08 08:04:47 INFO::Fitting model to feature number 171, Beta.mannosylglycerate
2024-07-08 08:04:47 WARNING::Fitting problem for feature 171 returning NA
2024-07-08 08:04:47 INFO::Fitting model to feature number 172, Dimethyluric.acid
2024-07-08 08:04:47 WARNING::Fitting problem for feature 172 returning NA
2024-07-08 08:04:47 INFO::Fitting model to feature number 173, N.trifluoroacetyl.terbutaline
2024-07-08 08:04:47 WARNING::Fitting problem for feature 173 returning NA
2024-07-08 08:04:47 INFO::Fitting model to feature number 174, Butane.2.3.diol
2024-07-08 08:04:47 WARNING::Fitting problem for feature 174 returning NA
2024-07-08 08:04:47 INFO::Fitting model to feature number 175, Nicotianamine
2024-07-08 08:04:47 WARNING::Fitting problem for feature 175 returning NA
2024-07-08 08:04:47 INFO::Fitting model to feature number 176, L.threonic.acid
2024-07-08 08:04:47 WARNING::Fitting problem for feature 176 returning NA
2024-07-08 08:04:47 INFO::Fitting model to feature number 177, X10.11.13.14.tetrakishydroxy.octadecanoic.acid..methyl.ester
2024-07-08 08:04:47 WARNING::Fitting problem for feature 177 returning NA
2024-07-08 08:04:47 INFO::Fitting model to feature number 178, Digalacturonic.acid
2024-07-08 08:04:47 WARNING::Fitting problem for feature 178 returning NA
2024-07-08 08:04:47 INFO::Fitting model to feature number 179, X5.methyl.8.hydroxyquinoline
2024-07-08 08:04:47 WARNING::Fitting problem for feature 179 returning NA
2024-07-08 08:04:47 INFO::Fitting model to feature number 180, X4.hydroxyanthraquinone.2.carboxylic.acid
2024-07-08 08:04:47 WARNING::Fitting problem for feature 180 returning NA
2024-07-08 08:04:47 INFO::Fitting model to feature number 181, Myristyl.myristate
2024-07-08 08:04:47 WARNING::Fitting problem for feature 181 returning NA
2024-07-08 08:04:47 INFO::Fitting model to feature number 182, L.glutamine
2024-07-08 08:04:47 WARNING::Fitting problem for feature 182 returning NA
2024-07-08 08:04:47 INFO::Fitting model to feature number 183, N.methyl.1h.benzimidazol.2.amine
2024-07-08 08:04:47 WARNING::Fitting problem for feature 183 returning NA
2024-07-08 08:04:47 INFO::Fitting model to feature number 184, Pyrophosphate
2024-07-08 08:04:47 WARNING::Fitting problem for feature 184 returning NA
2024-07-08 08:04:47 INFO::Fitting model to feature number 185, Syringic.acid
2024-07-08 08:04:47 WARNING::Fitting problem for feature 185 returning NA
2024-07-08 08:04:47 INFO::Fitting model to feature number 186, Citraconic.acid
2024-07-08 08:04:47 WARNING::Fitting problem for feature 186 returning NA
2024-07-08 08:04:47 INFO::Fitting model to feature number 187, X5.7.dihydroxy.4..methoxyisoflavone
2024-07-08 08:04:47 WARNING::Fitting problem for feature 187 returning NA
2024-07-08 08:04:47 INFO::Fitting model to feature number 188, Oxymetazoline
2024-07-08 08:04:47 WARNING::Fitting problem for feature 188 returning NA
2024-07-08 08:04:47 INFO::Fitting model to feature number 189, Inosine.5..monophosphate
2024-07-08 08:04:47 WARNING::Fitting problem for feature 189 returning NA
2024-07-08 08:04:47 INFO::Fitting model to feature number 190, X5.hydroxypentanoic.acid
2024-07-08 08:04:47 WARNING::Fitting problem for feature 190 returning NA
2024-07-08 08:04:47 INFO::Fitting model to feature number 191, X4..dimethylamino.azobenzene
2024-07-08 08:04:47 WARNING::Fitting problem for feature 191 returning NA
2024-07-08 08:04:47 INFO::Fitting model to feature number 192, X1.2.dihydroxy.cyclooctene
2024-07-08 08:04:47 WARNING::Fitting problem for feature 192 returning NA
2024-07-08 08:04:47 INFO::Fitting model to feature number 193, X4.hydroxycyclohexylcarboxylic.acid
2024-07-08 08:04:47 WARNING::Fitting problem for feature 193 returning NA
2024-07-08 08:04:47 INFO::Fitting model to feature number 194, X3..4.hydroxy.3.methoxyphenyl.propionic.acid
2024-07-08 08:04:47 WARNING::Fitting problem for feature 194 returning NA
2024-07-08 08:04:47 INFO::Fitting model to feature number 195, Squalene
2024-07-08 08:04:47 WARNING::Fitting problem for feature 195 returning NA
2024-07-08 08:04:47 INFO::Fitting model to feature number 196, Octanal
2024-07-08 08:04:47 WARNING::Fitting problem for feature 196 returning NA
2024-07-08 08:04:47 INFO::Fitting model to feature number 197, Rhein
2024-07-08 08:04:47 WARNING::Fitting problem for feature 197 returning NA
2024-07-08 08:04:47 INFO::Fitting model to feature number 198, X2.deoxy.d.arabino.hexose.6.phosphate
2024-07-08 08:04:47 WARNING::Fitting problem for feature 198 returning NA
2024-07-08 08:04:47 INFO::Fitting model to feature number 199, X2.oxo.propanoic.acid
2024-07-08 08:04:47 WARNING::Fitting problem for feature 199 returning NA
2024-07-08 08:04:47 INFO::Fitting model to feature number 200, Dehydroascorbic.acid
2024-07-08 08:04:47 WARNING::Fitting problem for feature 200 returning NA
2024-07-08 08:04:47 INFO::Fitting model to feature number 201, Shikimic.acid
2024-07-08 08:04:47 WARNING::Fitting problem for feature 201 returning NA
2024-07-08 08:04:47 INFO::Fitting model to feature number 202, Caffeic.acid
2024-07-08 08:04:47 WARNING::Fitting problem for feature 202 returning NA
2024-07-08 08:04:47 INFO::Fitting model to feature number 203, Cytosin
2024-07-08 08:04:47 WARNING::Fitting problem for feature 203 returning NA
2024-07-08 08:04:47 INFO::Fitting model to feature number 204, Diclofenac
2024-07-08 08:04:47 WARNING::Fitting problem for feature 204 returning NA
2024-07-08 08:04:47 INFO::Fitting model to feature number 205, X2.amino.3.hydroxy.estra.1.3.5.10..trien.17.one
2024-07-08 08:04:47 WARNING::Fitting problem for feature 205 returning NA
2024-07-08 08:04:47 INFO::Fitting model to feature number 206, X2.ketoisocaproic.acid
2024-07-08 08:04:47 WARNING::Fitting problem for feature 206 returning NA
2024-07-08 08:04:47 INFO::Fitting model to feature number 207, X2.hydroxybutyric.acid
2024-07-08 08:04:47 WARNING::Fitting problem for feature 207 returning NA
2024-07-08 08:04:47 INFO::Fitting model to feature number 208, Thymidine
2024-07-08 08:04:47 WARNING::Fitting problem for feature 208 returning NA
2024-07-08 08:04:47 INFO::Fitting model to feature number 209, X3.hydroxy.3..4..hydroxy.3..methoxyphenyl.propionic.acid
2024-07-08 08:04:47 WARNING::Fitting problem for feature 209 returning NA
2024-07-08 08:04:47 INFO::Fitting model to feature number 210, X2.deoxy.d.erythro.pentitol
2024-07-08 08:04:47 WARNING::Fitting problem for feature 210 returning NA
2024-07-08 08:04:47 INFO::Fitting model to feature number 211, X3.17.dihydro.estra.1.10..2.4.trien.4.amine
2024-07-08 08:04:47 WARNING::Fitting problem for feature 211 returning NA
2024-07-08 08:04:48 INFO::Fitting model to feature number 212, X16.methyl.heptadecane.1.2.diol
2024-07-08 08:04:48 WARNING::Fitting problem for feature 212 returning NA
2024-07-08 08:04:48 INFO::Fitting model to feature number 213, Capric.acid
2024-07-08 08:04:48 WARNING::Fitting problem for feature 213 returning NA
2024-07-08 08:04:48 INFO::Fitting model to feature number 214, N...pentafluorophenyl.methylene..alpha.4.dihydroxy.benzeneethanamine
2024-07-08 08:04:48 WARNING::Fitting problem for feature 214 returning NA
2024-07-08 08:04:48 INFO::Fitting model to feature number 215, Tetracosane
2024-07-08 08:04:48 WARNING::Fitting problem for feature 215 returning NA
2024-07-08 08:04:48 INFO::Fitting model to feature number 216, X2.4.6.trihydroxybenzoic.acid
2024-07-08 08:04:48 WARNING::Fitting problem for feature 216 returning NA
2024-07-08 08:04:48 INFO::Fitting model to feature number 217, L.kynurenine
2024-07-08 08:04:48 WARNING::Fitting problem for feature 217 returning NA
2024-07-08 08:04:48 INFO::Fitting model to feature number 218, X5.hydroxy.hydantoin
2024-07-08 08:04:48 WARNING::Fitting problem for feature 218 returning NA
2024-07-08 08:04:48 INFO::Fitting model to feature number 219, X4.methylvaleric.acid
2024-07-08 08:04:48 WARNING::Fitting problem for feature 219 returning NA
2024-07-08 08:04:48 INFO::Fitting model to feature number 220, X3.methyladipic.acid
2024-07-08 08:04:48 WARNING::Fitting problem for feature 220 returning NA
2024-07-08 08:04:48 INFO::Fitting model to feature number 221, X1.deoxy.d.ribitol
2024-07-08 08:04:48 WARNING::Fitting problem for feature 221 returning NA
2024-07-08 08:04:48 INFO::Fitting model to feature number 222, X.4.hydroxy.3.methoxyphenyl.ethanol
2024-07-08 08:04:48 WARNING::Fitting problem for feature 222 returning NA
2024-07-08 08:04:48 INFO::Fitting model to feature number 223, Ethyl.salicylate
2024-07-08 08:04:48 WARNING::Fitting problem for feature 223 returning NA
2024-07-08 08:04:48 INFO::Fitting model to feature number 224, Nonadecanoic.acid
2024-07-08 08:04:48 WARNING::Fitting problem for feature 224 returning NA
2024-07-08 08:04:48 INFO::Fitting model to feature number 225, Arbutin
2024-07-08 08:04:48 WARNING::Fitting problem for feature 225 returning NA
2024-07-08 08:04:48 INFO::Fitting model to feature number 226, X1.3.diaminopropane
2024-07-08 08:04:48 WARNING::Fitting problem for feature 226 returning NA
2024-07-08 08:04:48 INFO::Fitting model to feature number 227, X2.hydroxyundecanoate
2024-07-08 08:04:48 WARNING::Fitting problem for feature 227 returning NA
2024-07-08 08:04:48 INFO::Fitting model to feature number 228, X3.4.dihydroxyphenylglycol
2024-07-08 08:04:48 WARNING::Fitting problem for feature 228 returning NA
2024-07-08 08:04:48 INFO::Fitting model to feature number 229, Alpha.hydroxyisobutyric.acid
2024-07-08 08:04:48 WARNING::Fitting problem for feature 229 returning NA
2024-07-08 08:04:48 INFO::Fitting model to feature number 230, Acetamide
2024-07-08 08:04:48 WARNING::Fitting problem for feature 230 returning NA
2024-07-08 08:04:48 INFO::Fitting model to feature number 231, Sebacic.acid
2024-07-08 08:04:48 WARNING::Fitting problem for feature 231 returning NA
2024-07-08 08:04:48 INFO::Fitting model to feature number 232, Pentadecanoic.acid
2024-07-08 08:04:48 WARNING::Fitting problem for feature 232 returning NA
2024-07-08 08:04:48 INFO::Fitting model to feature number 233, Pregabalin
2024-07-08 08:04:48 WARNING::Fitting problem for feature 233 returning NA
2024-07-08 08:04:48 INFO::Fitting model to feature number 234, X2.2..biphenyldiol
2024-07-08 08:04:48 WARNING::Fitting problem for feature 234 returning NA
2024-07-08 08:04:48 INFO::Fitting model to feature number 235, Ethosuximide
2024-07-08 08:04:48 WARNING::Fitting problem for feature 235 returning NA
2024-07-08 08:04:48 INFO::Fitting model to feature number 236, Guanosine
2024-07-08 08:04:48 WARNING::Fitting problem for feature 236 returning NA
2024-07-08 08:04:48 INFO::Fitting model to feature number 237, X3..4.hydroxyphenyl..1.1.3.trimethylindan.5.ol
2024-07-08 08:04:48 WARNING::Fitting problem for feature 237 returning NA
2024-07-08 08:04:48 INFO::Fitting model to feature number 238, Protocatechoic.acid
2024-07-08 08:04:48 WARNING::Fitting problem for feature 238 returning NA
2024-07-08 08:04:48 INFO::Fitting model to feature number 239, Creatinine
2024-07-08 08:04:48 WARNING::Fitting problem for feature 239 returning NA
2024-07-08 08:04:48 INFO::Fitting model to feature number 240, X2.indolecarboxylic.acid
2024-07-08 08:04:48 WARNING::Fitting problem for feature 240 returning NA
2024-07-08 08:04:48 INFO::Fitting model to feature number 241, X3.amino.2.piperidone
2024-07-08 08:04:48 WARNING::Fitting problem for feature 241 returning NA
2024-07-08 08:04:48 INFO::Fitting model to feature number 242, Pinitol
2024-07-08 08:04:48 WARNING::Fitting problem for feature 242 returning NA
2024-07-08 08:04:48 INFO::Fitting model to feature number 243, D.fructose.1.phosphate
2024-07-08 08:04:48 WARNING::Fitting problem for feature 243 returning NA
2024-07-08 08:04:48 INFO::Fitting model to feature number 244, Udp.glucuronic.acid
2024-07-08 08:04:48 WARNING::Fitting problem for feature 244 returning NA
2024-07-08 08:04:48 INFO::Fitting model to feature number 245, X2.piperidinobenzonitrile
2024-07-08 08:04:48 WARNING::Fitting problem for feature 245 returning NA
2024-07-08 08:04:48 INFO::Fitting model to feature number 246, X4.hydroxymandelic.acid
2024-07-08 08:04:48 WARNING::Fitting problem for feature 246 returning NA
2024-07-08 08:04:48 INFO::Fitting model to feature number 247, X5.hydroxypipecolic.acid
2024-07-08 08:04:48 WARNING::Fitting problem for feature 247 returning NA
2024-07-08 08:04:48 INFO::Fitting model to feature number 248, Phytol
2024-07-08 08:04:48 WARNING::Fitting problem for feature 248 returning NA
2024-07-08 08:04:48 INFO::Fitting model to feature number 249, X2.deoxy.d.arabino.hexonic.acid..phosphate
2024-07-08 08:04:48 WARNING::Fitting problem for feature 249 returning NA
2024-07-08 08:04:48 INFO::Fitting model to feature number 250, Cholic.acid
2024-07-08 08:04:48 WARNING::Fitting problem for feature 250 returning NA
2024-07-08 08:04:48 INFO::Fitting model to feature number 251, Isoxanthopterin
2024-07-08 08:04:48 WARNING::Fitting problem for feature 251 returning NA
2024-07-08 08:04:48 INFO::Fitting model to feature number 252, Cholesterol
2024-07-08 08:04:48 WARNING::Fitting problem for feature 252 returning NA
2024-07-08 08:04:48 INFO::Fitting model to feature number 253, Galactinol
2024-07-08 08:04:48 WARNING::Fitting problem for feature 253 returning NA
2024-07-08 08:04:48 INFO::Fitting model to feature number 254, X3.phenyllactic.acid
2024-07-08 08:04:48 WARNING::Fitting problem for feature 254 returning NA
2024-07-08 08:04:48 INFO::Fitting model to feature number 255, P.cresol
2024-07-08 08:04:48 WARNING::Fitting problem for feature 255 returning NA
2024-07-08 08:04:48 INFO::Fitting model to feature number 256, Metoprolol
2024-07-08 08:04:48 WARNING::Fitting problem for feature 256 returning NA
2024-07-08 08:04:48 INFO::Fitting model to feature number 257, Glycero.d.gulo.heptose
2024-07-08 08:04:48 WARNING::Fitting problem for feature 257 returning NA
2024-07-08 08:04:48 INFO::Fitting model to feature number 258, Biphenyl
2024-07-08 08:04:48 WARNING::Fitting problem for feature 258 returning NA
2024-07-08 08:04:48 INFO::Fitting model to feature number 259, Erythrose
2024-07-08 08:04:48 WARNING::Fitting problem for feature 259 returning NA
2024-07-08 08:04:48 INFO::Fitting model to feature number 260, Abietic.acid
2024-07-08 08:04:48 WARNING::Fitting problem for feature 260 returning NA
2024-07-08 08:04:48 INFO::Fitting model to feature number 261, O.phosphoserine
2024-07-08 08:04:48 WARNING::Fitting problem for feature 261 returning NA
2024-07-08 08:04:48 INFO::Fitting model to feature number 262, Deoxyguanosine
2024-07-08 08:04:48 WARNING::Fitting problem for feature 262 returning NA
2024-07-08 08:04:49 INFO::Fitting model to feature number 263, Methoxyacetic.acid
2024-07-08 08:04:49 WARNING::Fitting problem for feature 263 returning NA
2024-07-08 08:04:49 INFO::Fitting model to feature number 264, X1.monostearin
2024-07-08 08:04:49 WARNING::Fitting problem for feature 264 returning NA
2024-07-08 08:04:49 INFO::Fitting model to feature number 265, X2.hydroxyadipic.acid
2024-07-08 08:04:49 WARNING::Fitting problem for feature 265 returning NA
2024-07-08 08:04:49 INFO::Fitting model to feature number 266, Heneicosanoic.acid
2024-07-08 08:04:49 WARNING::Fitting problem for feature 266 returning NA
2024-07-08 08:04:49 INFO::Fitting model to feature number 267, X1.2.3.trihydroxybenzene
2024-07-08 08:04:49 WARNING::Fitting problem for feature 267 returning NA
2024-07-08 08:04:49 INFO::Fitting model to feature number 268, Isoferulic.acid
2024-07-08 08:04:49 WARNING::Fitting problem for feature 268 returning NA
2024-07-08 08:04:49 INFO::Fitting model to feature number 269, X3.methoxy.5.prop.2.en.1.yl.2.hydroxy.n.2.hydroxyethylbenzamide
2024-07-08 08:04:49 WARNING::Fitting problem for feature 269 returning NA
2024-07-08 08:04:49 INFO::Fitting model to feature number 270, X2.deoxyerythritol
2024-07-08 08:04:49 WARNING::Fitting problem for feature 270 returning NA
2024-07-08 08:04:49 INFO::Fitting model to feature number 271, X2.hydroxy.3.methylbutyric.acid
2024-07-08 08:04:49 WARNING::Fitting problem for feature 271 returning NA
2024-07-08 08:04:49 INFO::Fitting model to feature number 272, Carbamic.acid
2024-07-08 08:04:49 WARNING::Fitting problem for feature 272 returning NA
2024-07-08 08:04:49 INFO::Fitting model to feature number 273, Boric.acid
2024-07-08 08:04:49 WARNING::Fitting problem for feature 273 returning NA
2024-07-08 08:04:49 INFO::Fitting model to feature number 274, L.cystine
2024-07-08 08:04:49 WARNING::Fitting problem for feature 274 returning NA
2024-07-08 08:04:49 INFO::Fitting model to feature number 275, L.cysteine.glycine
2024-07-08 08:04:49 WARNING::Fitting problem for feature 275 returning NA
2024-07-08 08:04:49 INFO::Fitting model to feature number 276, X6.hydroxynicotinic.acid
2024-07-08 08:04:49 WARNING::Fitting problem for feature 276 returning NA
2024-07-08 08:04:49 INFO::Fitting model to feature number 277, X2.6.di.tert.butyl.4.methylphenol
2024-07-08 08:04:49 WARNING::Fitting problem for feature 277 returning NA
2024-07-08 08:04:49 INFO::Fitting model to feature number 278, X2.hydroxycinnamic.acid
2024-07-08 08:04:49 WARNING::Fitting problem for feature 278 returning NA
2024-07-08 08:04:49 INFO::Fitting model to feature number 279, Mevalonic.acid
2024-07-08 08:04:49 WARNING::Fitting problem for feature 279 returning NA
2024-07-08 08:04:49 INFO::Fitting model to feature number 280, Glucuronic.acid..methyl.ester..2..4.chlorophenoxy..2.methylpropanoate
2024-07-08 08:04:49 WARNING::Fitting problem for feature 280 returning NA
2024-07-08 08:04:49 INFO::Fitting model to feature number 281, X1.kestose
2024-07-08 08:04:49 WARNING::Fitting problem for feature 281 returning NA
2024-07-08 08:04:49 INFO::Fitting model to feature number 282, Pyrrole.2.carboxylic.acid
2024-07-08 08:04:49 WARNING::Fitting problem for feature 282 returning NA
2024-07-08 08:04:49 INFO::Fitting model to feature number 283, Tyramine
2024-07-08 08:04:49 WARNING::Fitting problem for feature 283 returning NA
2024-07-08 08:04:49 INFO::Fitting model to feature number 284, Benzoic.acid
2024-07-08 08:04:49 WARNING::Fitting problem for feature 284 returning NA
2024-07-08 08:04:49 INFO::Fitting model to feature number 285, Homocystine
2024-07-08 08:04:49 WARNING::Fitting problem for feature 285 returning NA
2024-07-08 08:04:49 INFO::Fitting model to feature number 286, Gentisic.acid
2024-07-08 08:04:49 WARNING::Fitting problem for feature 286 returning NA
2024-07-08 08:04:49 INFO::Fitting model to feature number 287, Adenine
2024-07-08 08:04:49 WARNING::Fitting problem for feature 287 returning NA
2024-07-08 08:04:49 INFO::Fitting model to feature number 288, Citrulline
2024-07-08 08:04:49 WARNING::Fitting problem for feature 288 returning NA
2024-07-08 08:04:49 INFO::Fitting model to feature number 289, Phenol
2024-07-08 08:04:49 WARNING::Fitting problem for feature 289 returning NA
2024-07-08 08:04:49 INFO::Fitting model to feature number 290, Delta.tocopherol
2024-07-08 08:04:49 WARNING::Fitting problem for feature 290 returning NA
2024-07-08 08:04:49 INFO::Fitting model to feature number 291, X3.hydroxypicolinic.acid
2024-07-08 08:04:49 WARNING::Fitting problem for feature 291 returning NA
2024-07-08 08:04:49 INFO::Fitting model to feature number 292, Acifluorfen
2024-07-08 08:04:49 WARNING::Fitting problem for feature 292 returning NA
2024-07-08 08:04:49 INFO::Fitting model to feature number 293, Desaminotyrosine
2024-07-08 08:04:49 WARNING::Fitting problem for feature 293 returning NA
2024-07-08 08:04:49 INFO::Fitting model to feature number 294, Dihydrocholesterol
2024-07-08 08:04:49 WARNING::Fitting problem for feature 294 returning NA
2024-07-08 08:04:49 INFO::Fitting model to feature number 295, Sophorose
2024-07-08 08:04:49 WARNING::Fitting problem for feature 295 returning NA
2024-07-08 08:04:49 INFO::Fitting model to feature number 296, Octanoate.radical
2024-07-08 08:04:49 WARNING::Fitting problem for feature 296 returning NA
2024-07-08 08:04:49 INFO::Fitting model to feature number 297, Indoxyl.sulfate
2024-07-08 08:04:49 WARNING::Fitting problem for feature 297 returning NA
2024-07-08 08:04:49 INFO::Fitting model to feature number 298, Dopamine
2024-07-08 08:04:49 WARNING::Fitting problem for feature 298 returning NA
2024-07-08 08:04:49 INFO::Fitting model to feature number 299, X1.5.anhydroglucitol
2024-07-08 08:04:49 WARNING::Fitting problem for feature 299 returning NA
2024-07-08 08:04:49 INFO::Fitting model to feature number 300, N.acetylglutamic.acid
2024-07-08 08:04:49 WARNING::Fitting problem for feature 300 returning NA
2024-07-08 08:04:49 INFO::Fitting model to feature number 301, Xylonolactone
2024-07-08 08:04:49 WARNING::Fitting problem for feature 301 returning NA
2024-07-08 08:04:49 INFO::Fitting model to feature number 302, Gluconic.acid.lactone
2024-07-08 08:04:49 WARNING::Fitting problem for feature 302 returning NA
2024-07-08 08:04:49 INFO::Fitting model to feature number 303, Chlorogenic.acid
2024-07-08 08:04:49 WARNING::Fitting problem for feature 303 returning NA
2024-07-08 08:04:49 INFO::Fitting model to feature number 304, X3.deoxyhexitol
2024-07-08 08:04:49 WARNING::Fitting problem for feature 304 returning NA
2024-07-08 08:04:49 INFO::Fitting model to feature number 305, Phytanic.acid
2024-07-08 08:04:49 WARNING::Fitting problem for feature 305 returning NA
2024-07-08 08:04:49 INFO::Fitting model to feature number 306, Glucose.6.phosphate
2024-07-08 08:04:49 WARNING::Fitting problem for feature 306 returning NA
2024-07-08 08:04:49 INFO::Fitting model to feature number 307, Noradrenaline
2024-07-08 08:04:49 WARNING::Fitting problem for feature 307 returning NA
2024-07-08 08:04:49 INFO::Fitting model to feature number 308, Glucosaminic.acid
2024-07-08 08:04:49 WARNING::Fitting problem for feature 308 returning NA
2024-07-08 08:04:49 INFO::Fitting model to feature number 309, Estradiol
2024-07-08 08:04:49 WARNING::Fitting problem for feature 309 returning NA
2024-07-08 08:04:49 INFO::Fitting model to feature number 310, X2.6.diaminopimelic.acid
2024-07-08 08:04:49 WARNING::Fitting problem for feature 310 returning NA
2024-07-08 08:04:49 INFO::Fitting model to feature number 311, Lactulose
2024-07-08 08:04:49 WARNING::Fitting problem for feature 311 returning NA
2024-07-08 08:04:49 INFO::Fitting model to feature number 312, Spermidine
2024-07-08 08:04:49 WARNING::Fitting problem for feature 312 returning NA
2024-07-08 08:04:49 INFO::Fitting model to feature number 313, Conduritol.beta.epoxide
2024-07-08 08:04:49 WARNING::Fitting problem for feature 313 returning NA
2024-07-08 08:04:49 INFO::Fitting model to feature number 314, Glycerol.3.galactoside
2024-07-08 08:04:49 WARNING::Fitting problem for feature 314 returning NA
2024-07-08 08:04:49 INFO::Fitting model to feature number 315, X5alpha.cholestanol
2024-07-08 08:04:49 WARNING::Fitting problem for feature 315 returning NA
2024-07-08 08:04:49 INFO::Fitting model to feature number 316, Erythronic.acid
2024-07-08 08:04:49 WARNING::Fitting problem for feature 316 returning NA
2024-07-08 08:04:49 INFO::Fitting model to feature number 317, Xanthosine
2024-07-08 08:04:49 WARNING::Fitting problem for feature 317 returning NA
2024-07-08 08:04:49 INFO::Fitting model to feature number 318, D.maltose
2024-07-08 08:04:49 WARNING::Fitting problem for feature 318 returning NA
2024-07-08 08:04:49 INFO::Fitting model to feature number 319, X2.4.dihydroxy.pentanedioic.acid
2024-07-08 08:04:50 WARNING::Fitting problem for feature 319 returning NA
2024-07-08 08:04:50 INFO::Fitting model to feature number 320, Lanosterol
2024-07-08 08:04:50 WARNING::Fitting problem for feature 320 returning NA
2024-07-08 08:04:50 INFO::Fitting model to feature number 321, N.carbamylglutamate
2024-07-08 08:04:50 WARNING::Fitting problem for feature 321 returning NA
2024-07-08 08:04:50 INFO::Fitting model to feature number 322, Tridecanol
2024-07-08 08:04:50 WARNING::Fitting problem for feature 322 returning NA
2024-07-08 08:04:50 INFO::Fitting model to feature number 323, X3.hydroxybenzoic.acid
2024-07-08 08:04:50 WARNING::Fitting problem for feature 323 returning NA
2024-07-08 08:04:50 INFO::Fitting model to feature number 324, Tartaric.acid
2024-07-08 08:04:50 WARNING::Fitting problem for feature 324 returning NA
2024-07-08 08:04:50 INFO::Fitting model to feature number 325, X4.hydroxyhippuric.acid
2024-07-08 08:04:50 WARNING::Fitting problem for feature 325 returning NA
2024-07-08 08:04:50 INFO::Fitting model to feature number 326, Gallic.acid
2024-07-08 08:04:50 WARNING::Fitting problem for feature 326 returning NA
2024-07-08 08:04:50 INFO::Fitting model to feature number 327, X1.hexacosanol
2024-07-08 08:04:50 WARNING::Fitting problem for feature 327 returning NA
2024-07-08 08:04:50 INFO::Fitting model to feature number 328, N.acetyl.l.tyrosine
2024-07-08 08:04:50 WARNING::Fitting problem for feature 328 returning NA
2024-07-08 08:04:50 INFO::Fitting model to feature number 329, D.xylose
2024-07-08 08:04:50 WARNING::Fitting problem for feature 329 returning NA
2024-07-08 08:04:50 INFO::Fitting model to feature number 330, X4.hydroxyproline
2024-07-08 08:04:50 WARNING::Fitting problem for feature 330 returning NA
2024-07-08 08:04:50 INFO::Fitting model to feature number 331, Glyceric.acid
2024-07-08 08:04:50 WARNING::Fitting problem for feature 331 returning NA
2024-07-08 08:04:50 INFO::Fitting model to feature number 332, Xanthurenic.acid
2024-07-08 08:04:50 WARNING::Fitting problem for feature 332 returning NA
2024-07-08 08:04:50 INFO::Fitting model to feature number 333, Deoxycholic.acid
2024-07-08 08:04:50 WARNING::Fitting problem for feature 333 returning NA
2024-07-08 08:04:50 INFO::Fitting model to feature number 334, Tocopherol.acetate
2024-07-08 08:04:50 WARNING::Fitting problem for feature 334 returning NA
2024-07-08 08:04:50 INFO::Fitting model to feature number 335, Fumaric.acid
2024-07-08 08:04:50 WARNING::Fitting problem for feature 335 returning NA
2024-07-08 08:04:50 INFO::Fitting model to feature number 336, Galactose
2024-07-08 08:04:50 WARNING::Fitting problem for feature 336 returning NA
2024-07-08 08:04:50 INFO::Fitting model to feature number 337, Tranexamic.acid
2024-07-08 08:04:50 WARNING::Fitting problem for feature 337 returning NA
2024-07-08 08:04:50 INFO::Fitting model to feature number 338, Putrescine
2024-07-08 08:04:50 WARNING::Fitting problem for feature 338 returning NA
2024-07-08 08:04:50 INFO::Fitting model to feature number 339, Caproic.acid
2024-07-08 08:04:50 WARNING::Fitting problem for feature 339 returning NA
2024-07-08 08:04:50 INFO::Fitting model to feature number 340, Methyltetrahydrophenanthrenone
2024-07-08 08:04:50 WARNING::Fitting problem for feature 340 returning NA
2024-07-08 08:04:50 INFO::Fitting model to feature number 341, Homoserine
2024-07-08 08:04:50 WARNING::Fitting problem for feature 341 returning NA
2024-07-08 08:04:50 INFO::Fitting model to feature number 342, Coniferin
2024-07-08 08:04:50 WARNING::Fitting problem for feature 342 returning NA
2024-07-08 08:04:50 INFO::Fitting model to feature number 343, Phytosphingosine
2024-07-08 08:04:50 WARNING::Fitting problem for feature 343 returning NA
2024-07-08 08:04:50 INFO::Fitting model to feature number 344, X2.hydroxy.2.phenylpropanoic.acid
2024-07-08 08:04:50 WARNING::Fitting problem for feature 344 returning NA
2024-07-08 08:04:50 INFO::Fitting model to feature number 345, Aminoadipic.acid
2024-07-08 08:04:50 WARNING::Fitting problem for feature 345 returning NA
2024-07-08 08:04:50 INFO::Fitting model to feature number 346, Pipecolic.acid
2024-07-08 08:04:50 WARNING::Fitting problem for feature 346 returning NA
2024-07-08 08:04:50 INFO::Fitting model to feature number 347, X3.6.anhydro.d.galactose
2024-07-08 08:04:50 WARNING::Fitting problem for feature 347 returning NA
2024-07-08 08:04:50 INFO::Fitting model to feature number 348, Dodecanol
2024-07-08 08:04:50 WARNING::Fitting problem for feature 348 returning NA
2024-07-08 08:04:50 INFO::Fitting model to feature number 349, Formononetin
2024-07-08 08:04:50 WARNING::Fitting problem for feature 349 returning NA
2024-07-08 08:04:50 INFO::Fitting model to feature number 350, D.ribose.5.phosphate
2024-07-08 08:04:50 WARNING::Fitting problem for feature 350 returning NA
2024-07-08 08:04:50 INFO::Fitting model to feature number 351, Adenosine.5..monophosphate
2024-07-08 08:04:50 WARNING::Fitting problem for feature 351 returning NA
2024-07-08 08:04:50 INFO::Fitting model to feature number 352, Citric.acid
2024-07-08 08:04:50 WARNING::Fitting problem for feature 352 returning NA
2024-07-08 08:04:50 INFO::Fitting model to feature number 353, Piperidone
2024-07-08 08:04:50 WARNING::Fitting problem for feature 353 returning NA
2024-07-08 08:04:50 INFO::Fitting model to feature number 354, D.ribose.5.phosphate
2024-07-08 08:04:50 WARNING::Fitting problem for feature 354 returning NA
2024-07-08 08:04:50 INFO::Fitting model to feature number 355, Tryptamine
2024-07-08 08:04:50 WARNING::Fitting problem for feature 355 returning NA
2024-07-08 08:04:50 INFO::Fitting model to feature number 356, Deoxyadenosine
2024-07-08 08:04:50 WARNING::Fitting problem for feature 356 returning NA
2024-07-08 08:04:50 INFO::Fitting model to feature number 357, Palatinitol
2024-07-08 08:04:50 WARNING::Fitting problem for feature 357 returning NA
2024-07-08 08:04:50 INFO::Fitting model to feature number 358, X1.2.cyclohexanedione
2024-07-08 08:04:50 WARNING::Fitting problem for feature 358 returning NA
2024-07-08 08:04:50 INFO::Fitting model to feature number 359, Ascorbic.acid
2024-07-08 08:04:50 WARNING::Fitting problem for feature 359 returning NA
2024-07-08 08:04:50 INFO::Fitting model to feature number 360, N.acetyl.d.mannosamine
2024-07-08 08:04:50 WARNING::Fitting problem for feature 360 returning NA
2024-07-08 08:04:50 INFO::Fitting model to feature number 361, Deoxyribose
2024-07-08 08:04:50 WARNING::Fitting problem for feature 361 returning NA
2024-07-08 08:04:50 INFO::Fitting model to feature number 362, L.alanine.alanine
2024-07-08 08:04:50 WARNING::Fitting problem for feature 362 returning NA
2024-07-08 08:04:50 INFO::Fitting model to feature number 363, Melibiose
2024-07-08 08:04:50 WARNING::Fitting problem for feature 363 returning NA
2024-07-08 08:04:50 INFO::Fitting model to feature number 364, Maltotriitol
2024-07-08 08:04:50 WARNING::Fitting problem for feature 364 returning NA
2024-07-08 08:04:50 INFO::Fitting model to feature number 365, Hydroxypropionic.acid
2024-07-08 08:04:50 WARNING::Fitting problem for feature 365 returning NA
2024-07-08 08:04:50 INFO::Fitting model to feature number 366, X2.5.dihydroxy.1h.indole
2024-07-08 08:04:50 WARNING::Fitting problem for feature 366 returning NA
2024-07-08 08:04:50 INFO::Fitting model to feature number 367, X2.keto.l.gluconate
2024-07-08 08:04:50 WARNING::Fitting problem for feature 367 returning NA
2024-07-08 08:04:50 INFO::Fitting model to feature number 368, X3..3.hydroxyphenyl.propionic.acid
2024-07-08 08:04:50 WARNING::Fitting problem for feature 368 returning NA
2024-07-08 08:04:50 INFO::Fitting model to feature number 369, X1.heptanol
2024-07-08 08:04:50 WARNING::Fitting problem for feature 369 returning NA
2024-07-08 08:04:50 INFO::Fitting model to feature number 370, N.acetyl.5.hydroxytryptamine
2024-07-08 08:04:50 WARNING::Fitting problem for feature 370 returning NA
2024-07-08 08:04:50 INFO::Fitting model to feature number 371, Diglycerol
2024-07-08 08:04:50 WARNING::Fitting problem for feature 371 returning NA
2024-07-08 08:04:50 INFO::Fitting model to feature number 372, Dodecanedioic.acid
2024-07-08 08:04:50 WARNING::Fitting problem for feature 372 returning NA
2024-07-08 08:04:50 INFO::Fitting model to feature number 373, Alloxanoic.acid
2024-07-08 08:04:51 WARNING::Fitting problem for feature 373 returning NA
2024-07-08 08:04:51 INFO::Fitting model to feature number 374, Adenosine
2024-07-08 08:04:51 WARNING::Fitting problem for feature 374 returning NA
2024-07-08 08:04:51 INFO::Fitting model to feature number 375, Sterigmatocystin
2024-07-08 08:04:51 WARNING::Fitting problem for feature 375 returning NA
2024-07-08 08:04:51 INFO::Fitting model to feature number 376, Isomaltose
2024-07-08 08:04:51 WARNING::Fitting problem for feature 376 returning NA
2024-07-08 08:04:51 INFO::Fitting model to feature number 377, X2.4.diaminobutyric.acid
2024-07-08 08:04:51 WARNING::Fitting problem for feature 377 returning NA
2024-07-08 08:04:51 INFO::Fitting model to feature number 378, Arabitol
2024-07-08 08:04:51 WARNING::Fitting problem for feature 378 returning NA
2024-07-08 08:04:51 INFO::Fitting model to feature number 379, X5.methyluridine
2024-07-08 08:04:51 WARNING::Fitting problem for feature 379 returning NA
2024-07-08 08:04:51 INFO::Fitting model to feature number 380, Indole.3.lactate
2024-07-08 08:04:51 WARNING::Fitting problem for feature 380 returning NA
2024-07-08 08:04:51 INFO::Fitting model to feature number 381, Terephthalic.acid
2024-07-08 08:04:51 WARNING::Fitting problem for feature 381 returning NA
2024-07-08 08:04:51 INFO::Fitting model to feature number 382, X2.monoolein
2024-07-08 08:04:51 WARNING::Fitting problem for feature 382 returning NA
2024-07-08 08:04:51 INFO::Fitting model to feature number 383, Aminomalonate
2024-07-08 08:04:51 WARNING::Fitting problem for feature 383 returning NA
2024-07-08 08:04:51 INFO::Fitting model to feature number 384, L.sorbose
2024-07-08 08:04:51 WARNING::Fitting problem for feature 384 returning NA
2024-07-08 08:04:51 INFO::Fitting model to feature number 385, X4.hydroxybutyric.acid
2024-07-08 08:04:51 WARNING::Fitting problem for feature 385 returning NA
2024-07-08 08:04:51 INFO::Fitting model to feature number 386, Adipic.acid
2024-07-08 08:04:51 WARNING::Fitting problem for feature 386 returning NA
2024-07-08 08:04:51 INFO::Fitting model to feature number 387, Mannose.6.phosphate
2024-07-08 08:04:51 WARNING::Fitting problem for feature 387 returning NA
2024-07-08 08:04:51 INFO::Fitting model to feature number 388, X1.2.4.benzenetriol
2024-07-08 08:04:51 WARNING::Fitting problem for feature 388 returning NA
2024-07-08 08:04:51 INFO::Fitting model to feature number 389, Trisaccharide
2024-07-08 08:04:51 WARNING::Fitting problem for feature 389 returning NA
2024-07-08 08:04:51 INFO::Fitting model to feature number 390, N.acetylaspartic.acid
2024-07-08 08:04:51 WARNING::Fitting problem for feature 390 returning NA
2024-07-08 08:04:51 INFO::Fitting model to feature number 391, X1h.indole.2.acetic.acid
2024-07-08 08:04:51 WARNING::Fitting problem for feature 391 returning NA
2024-07-08 08:04:51 INFO::Fitting model to feature number 392, Pimaric.acid
2024-07-08 08:04:51 WARNING::Fitting problem for feature 392 returning NA
2024-07-08 08:04:51 INFO::Fitting model to feature number 393, Succinylacetone
2024-07-08 08:04:51 WARNING::Fitting problem for feature 393 returning NA
2024-07-08 08:04:51 INFO::Fitting model to feature number 394, X1.monopalmitin
2024-07-08 08:04:51 WARNING::Fitting problem for feature 394 returning NA
2024-07-08 08:04:51 INFO::Fitting model to feature number 395, Uric.acid
2024-07-08 08:04:51 WARNING::Fitting problem for feature 395 returning NA
2024-07-08 08:04:51 INFO::Fitting model to feature number 396, Quinic.acid
2024-07-08 08:04:51 WARNING::Fitting problem for feature 396 returning NA
2024-07-08 08:04:51 INFO::Fitting model to feature number 397, Norvaline
2024-07-08 08:04:51 WARNING::Fitting problem for feature 397 returning NA
2024-07-08 08:04:51 INFO::Fitting model to feature number 398, Trifluoroacetic.acid
2024-07-08 08:04:51 WARNING::Fitting problem for feature 398 returning NA
2024-07-08 08:04:51 INFO::Fitting model to feature number 399, X3.aminoisobutanoic.acid
2024-07-08 08:04:51 WARNING::Fitting problem for feature 399 returning NA
2024-07-08 08:04:51 INFO::Fitting model to feature number 400, Sorbitol
2024-07-08 08:04:51 WARNING::Fitting problem for feature 400 returning NA
2024-07-08 08:04:51 INFO::Fitting model to feature number 401, Piceatannol
2024-07-08 08:04:51 WARNING::Fitting problem for feature 401 returning NA
2024-07-08 08:04:51 INFO::Fitting model to feature number 402, L.cysteine
2024-07-08 08:04:51 WARNING::Fitting problem for feature 402 returning NA
2024-07-08 08:04:51 INFO::Fitting model to feature number 403, X2.6.dihydroxybenzoic.acid
2024-07-08 08:04:51 WARNING::Fitting problem for feature 403 returning NA
2024-07-08 08:04:51 INFO::Fitting model to feature number 404, Isocitric.acid
2024-07-08 08:04:51 WARNING::Fitting problem for feature 404 returning NA
2024-07-08 08:04:51 INFO::Fitting model to feature number 405, Orotic.acid
2024-07-08 08:04:51 WARNING::Fitting problem for feature 405 returning NA
2024-07-08 08:04:51 INFO::Fitting model to feature number 406, Cadaverine
2024-07-08 08:04:51 WARNING::Fitting problem for feature 406 returning NA
2024-07-08 08:04:51 INFO::Fitting model to feature number 407, X3.desoxy.pentitol
2024-07-08 08:04:51 WARNING::Fitting problem for feature 407 returning NA
2024-07-08 08:04:51 INFO::Fitting model to feature number 408, Leucyl.glycine
2024-07-08 08:04:51 WARNING::Fitting problem for feature 408 returning NA
2024-07-08 08:04:51 INFO::Fitting model to feature number 409, Homogentisic.acid
2024-07-08 08:04:51 WARNING::Fitting problem for feature 409 returning NA
2024-07-08 08:04:51 INFO::Fitting model to feature number 410, Pentacosanoic.acid
2024-07-08 08:04:51 WARNING::Fitting problem for feature 410 returning NA
2024-07-08 08:04:51 INFO::Fitting model to feature number 411, Linoleic.acid
2024-07-08 08:04:51 WARNING::Fitting problem for feature 411 returning NA
2024-07-08 08:04:51 INFO::Fitting model to feature number 412, Maltitol
2024-07-08 08:04:51 WARNING::Fitting problem for feature 412 returning NA
2024-07-08 08:04:51 INFO::Fitting model to feature number 413, X6.phosphogluconic.acid
2024-07-08 08:04:51 WARNING::Fitting problem for feature 413 returning NA
2024-07-08 08:04:51 INFO::Fitting model to feature number 414, X4.hydroxybenzeneacetic.acid
2024-07-08 08:04:51 WARNING::Fitting problem for feature 414 returning NA
2024-07-08 08:04:51 INFO::Fitting model to feature number 415, Glycyl.proline
2024-07-08 08:04:51 WARNING::Fitting problem for feature 415 returning NA
2024-07-08 08:04:51 INFO::Fitting model to feature number 416, X1.acetyl.4.hydroxyprolinate
2024-07-08 08:04:51 WARNING::Fitting problem for feature 416 returning NA
2024-07-08 08:04:51 INFO::Fitting model to feature number 417, Propane.1.3.diol
2024-07-08 08:04:51 WARNING::Fitting problem for feature 417 returning NA
2024-07-08 08:04:51 INFO::Fitting model to feature number 418, X5..deoxy.5..methylthioadenosine
2024-07-08 08:04:51 WARNING::Fitting problem for feature 418 returning NA
2024-07-08 08:04:51 INFO::Fitting model to feature number 419, Tetracosanoic.acid
2024-07-08 08:04:51 WARNING::Fitting problem for feature 419 returning NA
2024-07-08 08:04:51 INFO::Fitting model to feature number 420, N...1h.indol.3.ylmethylene.benzohydrazide
2024-07-08 08:04:51 WARNING::Fitting problem for feature 420 returning NA
2024-07-08 08:04:51 INFO::Fitting model to feature number 421, L.arabitol
2024-07-08 08:04:51 WARNING::Fitting problem for feature 421 returning NA
2024-07-08 08:04:51 INFO::Fitting model to feature number 422, Alloxanic.acid
2024-07-08 08:04:52 WARNING::Fitting problem for feature 422 returning NA
2024-07-08 08:04:52 INFO::Fitting model to feature number 423, Methyl.n.acetyl.d.galactosamine
2024-07-08 08:04:52 WARNING::Fitting problem for feature 423 returning NA
2024-07-08 08:04:52 INFO::Fitting model to feature number 424, X3.methoxybenzenepropanoic.acid
2024-07-08 08:04:52 WARNING::Fitting problem for feature 424 returning NA
2024-07-08 08:04:52 INFO::Fitting model to feature number 425, Dodecanoic.acid
2024-07-08 08:04:52 WARNING::Fitting problem for feature 425 returning NA
2024-07-08 08:04:52 INFO::Fitting model to feature number 426, X3.hydroxyphenylacetic.acid
2024-07-08 08:04:52 WARNING::Fitting problem for feature 426 returning NA
2024-07-08 08:04:52 INFO::Fitting model to feature number 427, Diethanolamine
2024-07-08 08:04:52 WARNING::Fitting problem for feature 427 returning NA
2024-07-08 08:04:52 INFO::Fitting model to feature number 428, Chenodeoxycholic.acid
2024-07-08 08:04:52 WARNING::Fitting problem for feature 428 returning NA
2024-07-08 08:04:52 INFO::Fitting model to feature number 429, Diethylcarbamic.acid
2024-07-08 08:04:52 WARNING::Fitting problem for feature 429 returning NA
2024-07-08 08:04:52 INFO::Fitting model to feature number 430, Methyl.alpha.d.fructofuranoside
2024-07-08 08:04:52 WARNING::Fitting problem for feature 430 returning NA
2024-07-08 08:04:52 INFO::Fitting model to feature number 431, Ethyl.beta.d.galactofuranoside
2024-07-08 08:04:52 WARNING::Fitting problem for feature 431 returning NA
2024-07-08 08:04:52 INFO::Fitting model to feature number 432, Phenylacetic.acid
2024-07-08 08:04:52 WARNING::Fitting problem for feature 432 returning NA
2024-07-08 08:04:52 INFO::Fitting model to feature number 433, X1.4.butanediol
2024-07-08 08:04:52 WARNING::Fitting problem for feature 433 returning NA
2024-07-08 08:04:52 INFO::Fitting model to feature number 434, X1.2.4.5.cyclohexanetetrol
2024-07-08 08:04:52 WARNING::Fitting problem for feature 434 returning NA
2024-07-08 08:04:52 INFO::Fitting model to feature number 435, Udp.n.acetylglucosamine
2024-07-08 08:04:52 WARNING::Fitting problem for feature 435 returning NA
2024-07-08 08:04:52 INFO::Fitting model to feature number 436, Beta.glutamic.acid
2024-07-08 08:04:52 WARNING::Fitting problem for feature 436 returning NA
2024-07-08 08:04:52 INFO::Fitting model to feature number 437, L.histidine
2024-07-08 08:04:52 WARNING::Fitting problem for feature 437 returning NA
2024-07-08 08:04:52 INFO::Fitting model to feature number 438, X4.hydroxyphenyllactic.acid
2024-07-08 08:04:52 WARNING::Fitting problem for feature 438 returning NA
2024-07-08 08:04:52 INFO::Fitting model to feature number 439, Indolelactic.acid
2024-07-08 08:04:52 WARNING::Fitting problem for feature 439 returning NA
2024-07-08 08:04:52 INFO::Fitting model to feature number 440, L.2.hydroxyglutaric.acid
2024-07-08 08:04:52 WARNING::Fitting problem for feature 440 returning NA
2024-07-08 08:04:52 INFO::Fitting model to feature number 441, Saccharopine
2024-07-08 08:04:52 WARNING::Fitting problem for feature 441 returning NA
2024-07-08 08:04:52 INFO::Fitting model to feature number 442, Galacturonic.acid
2024-07-08 08:04:52 WARNING::Fitting problem for feature 442 returning NA
2024-07-08 08:04:52 INFO::Fitting model to feature number 443, Azelaic.acid
2024-07-08 08:04:52 WARNING::Fitting problem for feature 443 returning NA
2024-07-08 08:04:52 INFO::Fitting model to feature number 444, Cerotinic.acid
2024-07-08 08:04:52 WARNING::Fitting problem for feature 444 returning NA
2024-07-08 08:04:52 INFO::Fitting model to feature number 445, Heptadecanoic.acid
2024-07-08 08:04:52 WARNING::Fitting problem for feature 445 returning NA
2024-07-08 08:04:52 INFO::Fitting model to feature number 446, Glycerol.3.phosphate
2024-07-08 08:04:52 WARNING::Fitting problem for feature 446 returning NA
2024-07-08 08:04:52 INFO::Fitting model to feature number 447, Melezitose
2024-07-08 08:04:52 WARNING::Fitting problem for feature 447 returning NA
2024-07-08 08:04:52 INFO::Fitting model to feature number 448, L.lactic.acid
2024-07-08 08:04:52 WARNING::Fitting problem for feature 448 returning NA
2024-07-08 08:04:52 INFO::Fitting model to feature number 449, Beta.d.glucopyranuronic.acid
2024-07-08 08:04:52 WARNING::Fitting problem for feature 449 returning NA
2024-07-08 08:04:52 INFO::Fitting model to feature number 450, Xylofuranose
2024-07-08 08:04:52 WARNING::Fitting problem for feature 450 returning NA
2024-07-08 08:04:52 INFO::Fitting model to feature number 451, Gluconic.acid
2024-07-08 08:04:52 WARNING::Fitting problem for feature 451 returning NA
2024-07-08 08:04:52 INFO::Fitting model to feature number 452, D.ribulose.5.phosphate
2024-07-08 08:04:52 WARNING::Fitting problem for feature 452 returning NA
2024-07-08 08:04:52 INFO::Fitting model to feature number 453, X4.nitrophenol
2024-07-08 08:04:52 WARNING::Fitting problem for feature 453 returning NA
2024-07-08 08:04:52 INFO::Fitting model to feature number 454, Inosine
2024-07-08 08:04:52 WARNING::Fitting problem for feature 454 returning NA
2024-07-08 08:04:52 INFO::Fitting model to feature number 455, Hexadecane.1.2.diol
2024-07-08 08:04:52 WARNING::Fitting problem for feature 455 returning NA
2024-07-08 08:04:52 INFO::Fitting model to feature number 456, Niacinamide
2024-07-08 08:04:52 WARNING::Fitting problem for feature 456 returning NA
2024-07-08 08:04:52 INFO::Fitting model to feature number 457, Glutaric.acid
2024-07-08 08:04:52 WARNING::Fitting problem for feature 457 returning NA
2024-07-08 08:04:52 INFO::Fitting model to feature number 458, Beta.hydroxymyristic.acid
2024-07-08 08:04:52 WARNING::Fitting problem for feature 458 returning NA
2024-07-08 08:04:52 INFO::Fitting model to feature number 459, N.acetyl.d.glucosamine
2024-07-08 08:04:52 WARNING::Fitting problem for feature 459 returning NA
2024-07-08 08:04:52 INFO::Fitting model to feature number 460, Lactobionic.acid
2024-07-08 08:04:52 WARNING::Fitting problem for feature 460 returning NA
2024-07-08 08:04:52 INFO::Fitting model to feature number 461, X3.pyridinol
2024-07-08 08:04:52 WARNING::Fitting problem for feature 461 returning NA
2024-07-08 08:04:52 INFO::Fitting model to feature number 462, L.threonine
2024-07-08 08:04:52 WARNING::Fitting problem for feature 462 returning NA
2024-07-08 08:04:52 INFO::Fitting model to feature number 463, L.methionine
2024-07-08 08:04:52 WARNING::Fitting problem for feature 463 returning NA
2024-07-08 08:04:52 INFO::Fitting model to feature number 464, N.acetylglucosylamine
2024-07-08 08:04:52 WARNING::Fitting problem for feature 464 returning NA
2024-07-08 08:04:52 INFO::Fitting model to feature number 465, X2.4.7.trihydroxypteridine
2024-07-08 08:04:52 WARNING::Fitting problem for feature 465 returning NA
2024-07-08 08:04:53 INFO::Fitting model to feature number 466, D.mannose
2024-07-08 08:04:53 WARNING::Fitting problem for feature 466 returning NA
2024-07-08 08:04:53 INFO::Fitting model to feature number 467, D.xylulose
2024-07-08 08:04:53 WARNING::Fitting problem for feature 467 returning NA
2024-07-08 08:04:53 INFO::Fitting model to feature number 468, Myristic.acid
2024-07-08 08:04:53 WARNING::Fitting problem for feature 468 returning NA
2024-07-08 08:04:53 INFO::Fitting model to feature number 469, Benzenepropanoic.acid
2024-07-08 08:04:53 WARNING::Fitting problem for feature 469 returning NA
2024-07-08 08:04:53 INFO::Fitting model to feature number 470, Alpha.lactose
2024-07-08 08:04:53 WARNING::Fitting problem for feature 470 returning NA
2024-07-08 08:04:53 INFO::Fitting model to feature number 471, Glycolic.acid
2024-07-08 08:04:53 WARNING::Fitting problem for feature 471 returning NA
2024-07-08 08:04:53 INFO::Fitting model to feature number 472, Cis.4.hydroxycyclohexylacetic.acid
2024-07-08 08:04:53 WARNING::Fitting problem for feature 472 returning NA
2024-07-08 08:04:53 INFO::Fitting model to feature number 473, Isoheptadecanoic.acid
2024-07-08 08:04:53 WARNING::Fitting problem for feature 473 returning NA
2024-07-08 08:04:53 INFO::Fitting model to feature number 474, Glycyl.glycine
2024-07-08 08:04:53 WARNING::Fitting problem for feature 474 returning NA
2024-07-08 08:04:53 INFO::Fitting model to feature number 475, Sucrose
2024-07-08 08:04:53 WARNING::Fitting problem for feature 475 returning NA
2024-07-08 08:04:53 INFO::Fitting model to feature number 476, Glucosamine
2024-07-08 08:04:53 WARNING::Fitting problem for feature 476 returning NA
2024-07-08 08:04:53 INFO::Fitting model to feature number 477, Hydrocinnamic.acid
2024-07-08 08:04:53 WARNING::Fitting problem for feature 477 returning NA
2024-07-08 08:04:53 INFO::Fitting model to feature number 478, Malic.acid
2024-07-08 08:04:53 WARNING::Fitting problem for feature 478 returning NA
2024-07-08 08:04:53 INFO::Fitting model to feature number 479, Arabinofuranose
2024-07-08 08:04:53 WARNING::Fitting problem for feature 479 returning NA
2024-07-08 08:04:53 INFO::Fitting model to feature number 480, Thymine
2024-07-08 08:04:53 WARNING::Fitting problem for feature 480 returning NA
2024-07-08 08:04:53 INFO::Fitting model to feature number 481, Oxoproline
2024-07-08 08:04:53 WARNING::Fitting problem for feature 481 returning NA
2024-07-08 08:04:53 INFO::Fitting model to feature number 482, N.acetylgalactosamine
2024-07-08 08:04:53 WARNING::Fitting problem for feature 482 returning NA
2024-07-08 08:04:53 INFO::Fitting model to feature number 483, Altrose
2024-07-08 08:04:53 WARNING::Fitting problem for feature 483 returning NA
2024-07-08 08:04:53 INFO::Fitting model to feature number 484, X2..6..dihydroxyacetophenone
2024-07-08 08:04:53 WARNING::Fitting problem for feature 484 returning NA
2024-07-08 08:04:53 INFO::Fitting model to feature number 485, X1.8.dihydroxynaphthalene
2024-07-08 08:04:53 WARNING::Fitting problem for feature 485 returning NA
2024-07-08 08:04:53 INFO::Fitting model to feature number 486, Hexuronic.acid
2024-07-08 08:04:53 WARNING::Fitting problem for feature 486 returning NA
2024-07-08 08:04:53 INFO::Fitting model to feature number 487, X.r..3.hydroxybutyric.acid
2024-07-08 08:04:53 WARNING::Fitting problem for feature 487 returning NA
2024-07-08 08:04:53 INFO::Fitting model to feature number 488, Cis.caffeic.acid
2024-07-08 08:04:53 WARNING::Fitting problem for feature 488 returning NA
2024-07-08 08:04:53 INFO::Fitting model to feature number 489, X5.methoxytryptamine
2024-07-08 08:04:53 WARNING::Fitting problem for feature 489 returning NA
2024-07-08 08:04:53 INFO::Fitting model to feature number 490, N.acetylornithine
2024-07-08 08:04:53 WARNING::Fitting problem for feature 490 returning NA
2024-07-08 08:04:53 INFO::Fitting model to feature number 491, X.s..3.hydroxyisobutyric.acid
2024-07-08 08:04:53 WARNING::Fitting problem for feature 491 returning NA
2024-07-08 08:04:53 INFO::Fitting model to feature number 492, Behenic.acid
2024-07-08 08:04:53 WARNING::Fitting problem for feature 492 returning NA
2024-07-08 08:04:53 INFO::Fitting model to feature number 493, Stigmasterol
2024-07-08 08:04:53 WARNING::Fitting problem for feature 493 returning NA
2024-07-08 08:04:53 INFO::Fitting model to feature number 494, Trehalose
2024-07-08 08:04:53 WARNING::Fitting problem for feature 494 returning NA
2024-07-08 08:04:53 INFO::Fitting model to feature number 495, Ethanolamine
2024-07-08 08:04:53 WARNING::Fitting problem for feature 495 returning NA
2024-07-08 08:04:53 INFO::Fitting model to feature number 496, Butanedioic.acid
2024-07-08 08:04:53 WARNING::Fitting problem for feature 496 returning NA
2024-07-08 08:04:53 INFO::Fitting model to feature number 497, Ornithine
2024-07-08 08:04:53 WARNING::Fitting problem for feature 497 returning NA
2024-07-08 08:04:53 INFO::Fitting model to feature number 498, X2.aminoethyl.methacrylate
2024-07-08 08:04:53 WARNING::Fitting problem for feature 498 returning NA
2024-07-08 08:04:53 INFO::Fitting model to feature number 499, N.acetylputrescine
2024-07-08 08:04:53 WARNING::Fitting problem for feature 499 returning NA
2024-07-08 08:04:53 INFO::Fitting model to feature number 500, X4.aminophenol
2024-07-08 08:04:53 WARNING::Fitting problem for feature 500 returning NA
2024-07-08 08:04:53 INFO::Fitting model to feature number 501, L.proline
2024-07-08 08:04:53 WARNING::Fitting problem for feature 501 returning NA
2024-07-08 08:04:53 INFO::Fitting model to feature number 502, Arachidic.acid
2024-07-08 08:04:53 WARNING::Fitting problem for feature 502 returning NA
2024-07-08 08:04:53 INFO::Fitting model to feature number 503, Amodiaquine
2024-07-08 08:04:53 WARNING::Fitting problem for feature 503 returning NA
2024-07-08 08:04:53 INFO::Fitting model to feature number 504, Triacontanol
2024-07-08 08:04:53 WARNING::Fitting problem for feature 504 returning NA
2024-07-08 08:04:53 INFO::Fitting model to feature number 505, Glucose.1.phosphate
2024-07-08 08:04:53 WARNING::Fitting problem for feature 505 returning NA
2024-07-08 08:04:53 INFO::Fitting model to feature number 506, Saccharic.acid
2024-07-08 08:04:53 WARNING::Fitting problem for feature 506 returning NA
2024-07-08 08:04:53 INFO::Fitting model to feature number 507, Myo.inositol.phosphate
2024-07-08 08:04:53 WARNING::Fitting problem for feature 507 returning NA
2024-07-08 08:04:53 INFO::Fitting model to feature number 508, D.myo.inositol.4.phosphate
2024-07-08 08:04:54 WARNING::Fitting problem for feature 508 returning NA
2024-07-08 08:04:54 INFO::Fitting model to feature number 509, Uracil
2024-07-08 08:04:54 WARNING::Fitting problem for feature 509 returning NA
2024-07-08 08:04:54 INFO::Fitting model to feature number 510, X2.aminoisobutyric.acid
2024-07-08 08:04:54 WARNING::Fitting problem for feature 510 returning NA
2024-07-08 08:04:54 INFO::Fitting model to feature number 511, X5.hydroxyindoleacetic.acid
2024-07-08 08:04:54 WARNING::Fitting problem for feature 511 returning NA
2024-07-08 08:04:54 INFO::Fitting model to feature number 512, Beta.sitosterol
2024-07-08 08:04:54 WARNING::Fitting problem for feature 512 returning NA
2024-07-08 08:04:54 INFO::Fitting model to feature number 513, Serine
2024-07-08 08:04:54 WARNING::Fitting problem for feature 513 returning NA
2024-07-08 08:04:54 INFO::Fitting model to feature number 514, Pantothenic.acid
2024-07-08 08:04:54 WARNING::Fitting problem for feature 514 returning NA
2024-07-08 08:04:54 INFO::Fitting model to feature number 515, Hypoxanthine
2024-07-08 08:04:54 WARNING::Fitting problem for feature 515 returning NA
2024-07-08 08:04:54 INFO::Fitting model to feature number 516, X5.aminovaleric.acid
2024-07-08 08:04:54 WARNING::Fitting problem for feature 516 returning NA
2024-07-08 08:04:54 INFO::Fitting model to feature number 517, L.aspartic.acid
2024-07-08 08:04:54 WARNING::Fitting problem for feature 517 returning NA
2024-07-08 08:04:54 INFO::Fitting model to feature number 518, Glycine
2024-07-08 08:04:54 WARNING::Fitting problem for feature 518 returning NA
2024-07-08 08:04:54 INFO::Fitting model to feature number 519, L.tryptophan
2024-07-08 08:04:54 WARNING::Fitting problem for feature 519 returning NA
2024-07-08 08:04:54 INFO::Fitting model to feature number 520, Cellobiose
2024-07-08 08:04:54 WARNING::Fitting problem for feature 520 returning NA
2024-07-08 08:04:54 INFO::Fitting model to feature number 521, X2.deoxypentonic.acid
2024-07-08 08:04:54 WARNING::Fitting problem for feature 521 returning NA
2024-07-08 08:04:54 INFO::Fitting model to feature number 522, Galactonic.acid
2024-07-08 08:04:54 WARNING::Fitting problem for feature 522 returning NA
2024-07-08 08:04:54 INFO::Fitting model to feature number 523, Methylamine
2024-07-08 08:04:54 WARNING::Fitting problem for feature 523 returning NA
2024-07-08 08:04:54 INFO::Fitting model to feature number 524, L.isoleucine
2024-07-08 08:04:54 WARNING::Fitting problem for feature 524 returning NA
2024-07-08 08:04:54 INFO::Fitting model to feature number 525, Methyl.beta.d.glucopyranoside
2024-07-08 08:04:54 WARNING::Fitting problem for feature 525 returning NA
2024-07-08 08:04:54 INFO::Fitting model to feature number 526, Glycerol
2024-07-08 08:04:54 WARNING::Fitting problem for feature 526 returning NA
2024-07-08 08:04:54 INFO::Fitting model to feature number 527, X2.hydroxypentanoic.acid
2024-07-08 08:04:54 WARNING::Fitting problem for feature 527 returning NA
2024-07-08 08:04:54 INFO::Fitting model to feature number 528, Pseudo.uridine
2024-07-08 08:04:54 WARNING::Fitting problem for feature 528 returning NA
2024-07-08 08:04:54 INFO::Fitting model to feature number 529, Myo.inositol
2024-07-08 08:04:54 WARNING::Fitting problem for feature 529 returning NA
2024-07-08 08:04:54 INFO::Fitting model to feature number 530, Valeric.acid
2024-07-08 08:04:54 WARNING::Fitting problem for feature 530 returning NA
2024-07-08 08:04:54 INFO::Fitting model to feature number 531, Gamma.aminobutyric.acid
2024-07-08 08:04:54 WARNING::Fitting problem for feature 531 returning NA
2024-07-08 08:04:54 INFO::Fitting model to feature number 532, X3..3.hydroxyphenyl..3.hydroxypropionic.acid
2024-07-08 08:04:54 WARNING::Fitting problem for feature 532 returning NA
2024-07-08 08:04:54 INFO::Fitting model to feature number 533, X1.4.dihydroxy.2.6.dimethoxybenzene
2024-07-08 08:04:54 WARNING::Fitting problem for feature 533 returning NA
2024-07-08 08:04:54 INFO::Fitting model to feature number 534, X4.hydroxycinnamic.acid
2024-07-08 08:04:54 WARNING::Fitting problem for feature 534 returning NA
2024-07-08 08:04:54 INFO::Fitting model to feature number 535, Hexitol
2024-07-08 08:04:54 WARNING::Fitting problem for feature 535 returning NA
2024-07-08 08:04:54 INFO::Fitting model to feature number 536, L.phenylalanine
2024-07-08 08:04:54 WARNING::Fitting problem for feature 536 returning NA
2024-07-08 08:04:54 INFO::Fitting model to feature number 537, D.glucose
2024-07-08 08:04:54 WARNING::Fitting problem for feature 537 returning NA
2024-07-08 08:04:54 INFO::Fitting model to feature number 538, Oleic.acid
2024-07-08 08:04:54 WARNING::Fitting problem for feature 538 returning NA
2024-07-08 08:04:54 INFO::Fitting model to feature number 539, Sedoheptulose
2024-07-08 08:04:54 WARNING::Fitting problem for feature 539 returning NA
2024-07-08 08:04:54 INFO::Fitting model to feature number 540, X6.deoxyglucitol
2024-07-08 08:04:54 WARNING::Fitting problem for feature 540 returning NA
2024-07-08 08:04:54 INFO::Fitting model to feature number 541, Acetic.acid
2024-07-08 08:04:54 WARNING::Fitting problem for feature 541 returning NA
2024-07-08 08:04:54 INFO::Fitting model to feature number 542, L.lysine
2024-07-08 08:04:54 WARNING::Fitting problem for feature 542 returning NA
2024-07-08 08:04:54 INFO::Fitting model to feature number 543, X2.amino.7.10.dimethyldibenzo.b.f..1.4.oxazepin.11.10h..one
2024-07-08 08:04:54 WARNING::Fitting problem for feature 543 returning NA
2024-07-08 08:04:54 INFO::Fitting model to feature number 544, Ciliatine
2024-07-08 08:04:54 WARNING::Fitting problem for feature 544 returning NA
2024-07-08 08:04:54 INFO::Fitting model to feature number 545, D.arabinose
2024-07-08 08:04:54 WARNING::Fitting problem for feature 545 returning NA
2024-07-08 08:04:54 INFO::Fitting model to feature number 546, D.tagatose
2024-07-08 08:04:54 WARNING::Fitting problem for feature 546 returning NA
2024-07-08 08:04:54 INFO::Fitting model to feature number 547, Ethylamine
2024-07-08 08:04:54 WARNING::Fitting problem for feature 547 returning NA
2024-07-08 08:04:54 INFO::Fitting model to feature number 548, L.alanine
2024-07-08 08:04:54 WARNING::Fitting problem for feature 548 returning NA
2024-07-08 08:04:54 INFO::Fitting model to feature number 549, Maltotriose
2024-07-08 08:04:54 WARNING::Fitting problem for feature 549 returning NA
2024-07-08 08:04:54 INFO::Fitting model to feature number 550, Xanthine
2024-07-08 08:04:54 WARNING::Fitting problem for feature 550 returning NA
2024-07-08 08:04:54 INFO::Fitting model to feature number 551, L.cystathionine
2024-07-08 08:04:54 WARNING::Fitting problem for feature 551 returning NA
2024-07-08 08:04:54 INFO::Fitting model to feature number 552, Phosphonoacetate
2024-07-08 08:04:54 WARNING::Fitting problem for feature 552 returning NA
2024-07-08 08:04:54 INFO::Fitting model to feature number 553, Methanephosphonothioic.acid
2024-07-08 08:04:55 WARNING::Fitting problem for feature 553 returning NA
2024-07-08 08:04:55 INFO::Fitting model to feature number 554, Stearic.acid
2024-07-08 08:04:55 WARNING::Fitting problem for feature 554 returning NA
2024-07-08 08:04:55 INFO::Fitting model to feature number 555, L.valine
2024-07-08 08:04:55 WARNING::Fitting problem for feature 555 returning NA
2024-07-08 08:04:55 INFO::Fitting model to feature number 556, Barbital
2024-07-08 08:04:55 WARNING::Fitting problem for feature 556 returning NA
2024-07-08 08:04:55 INFO::Fitting model to feature number 557, Palmitic.acid
2024-07-08 08:04:55 WARNING::Fitting problem for feature 557 returning NA
2024-07-08 08:04:55 INFO::Fitting model to feature number 558, Montanic.acid
2024-07-08 08:04:55 WARNING::Fitting problem for feature 558 returning NA
2024-07-08 08:04:55 INFO::Fitting model to feature number 559, D.fructose
2024-07-08 08:04:55 WARNING::Fitting problem for feature 559 returning NA
2024-07-08 08:04:55 INFO::Fitting model to feature number 560, L.glutamic.acid
2024-07-08 08:04:55 WARNING::Fitting problem for feature 560 returning NA
2024-07-08 08:04:55 INFO::Fitting model to feature number 561, Serotonin
2024-07-08 08:04:55 WARNING::Fitting problem for feature 561 returning NA
2024-07-08 08:04:55 INFO::Counting total values for each feature
2024-07-08 08:04:55 WARNING::Deleting existing residuals file: Maaslin2_d1_lm_CLR_notransf_log/residuals.rds
2024-07-08 08:04:55 INFO::Writing residuals to file Maaslin2_d1_lm_CLR_notransf_log/residuals.rds
2024-07-08 08:04:55 WARNING::Deleting existing fitted file: Maaslin2_d1_lm_CLR_notransf_log/fitted.rds
2024-07-08 08:04:55 INFO::Writing fitted values to file Maaslin2_d1_lm_CLR_notransf_log/fitted.rds
2024-07-08 08:04:55 WARNING::Deleting existing ranef file: Maaslin2_d1_lm_CLR_notransf_log/ranef.rds
2024-07-08 08:04:55 INFO::Writing extracted random effects to file Maaslin2_d1_lm_CLR_notransf_log/ranef.rds
2024-07-08 08:04:55 INFO::Writing all results to file (ordered by increasing q-values): Maaslin2_d1_lm_CLR_notransf_log/all_results.tsv
2024-07-08 08:04:55 INFO::Writing the significant results (those which are less than or equal to the threshold of 0.250000 ) to file (ordered by increasing q-values): Maaslin2_d1_lm_CLR_notransf_log/significant_results.tsv
2024-07-08 08:04:55 INFO::Writing heatmap of significant results to file: Maaslin2_d1_lm_CLR_notransf_log/heatmap.pdf
2024-07-08 08:04:55 INFO::Writing association plots (one for each significant association) to output folder: Maaslin2_d1_lm_CLR_notransf_log
