2024-07-10 08:54:52 INFO::Writing function arguments to log file
2024-07-10 08:54:52 DEBUG::Function arguments
2024-07-10 08:54:52 DEBUG::Output folder: Maaslin2_d2_lm_NONE_NONE
2024-07-10 08:54:52 DEBUG::Min Abundance: 0.000000
2024-07-10 08:54:52 DEBUG::Min Prevalence: 0.001000
2024-07-10 08:54:52 DEBUG::Normalization: NONE
2024-07-10 08:54:52 DEBUG::Transform: NONE
2024-07-10 08:54:52 DEBUG::Analysis method: LM
2024-07-10 08:54:52 DEBUG::Max significance: 0.250000
2024-07-10 08:54:52 DEBUG::Random effects: studyID
2024-07-10 08:54:52 DEBUG::Fixed effects: heart_cond
2024-07-10 08:54:52 DEBUG::Correction method: BH
2024-07-10 08:54:52 DEBUG::Standardize: TRUE
2024-07-10 08:54:52 DEBUG::Cores: 1
2024-07-10 08:54:52 INFO::Verifying options selected are valid
2024-07-10 08:54:52 INFO::Determining format of input files
2024-07-10 08:54:52 INFO::Input format is data samples as rows and metadata samples as rows
2024-07-10 08:54:52 DEBUG::The following samples were found to have features but no metadata. They will be removed. 24,25,26,27,28,29,30,31,32,33,34,35,36,37,38,39,40,41,42,43,44,45,46
2024-07-10 08:54:52 DEBUG::A total of 23 samples were found in both the data and metadata
2024-07-10 08:54:52 DEBUG::Reordering data/metadata to use same sample ordering
2024-07-10 08:54:52 INFO::Formula for random effects: expr ~ (1 | studyID)
2024-07-10 08:54:52 INFO::Formula for fixed effects: expr ~  heart_cond
2024-07-10 08:54:52 INFO::Filter data based on min abundance and min prevalence
2024-07-10 08:54:52 INFO::Total samples in data: 23
2024-07-10 08:54:52 INFO::Min samples required with min abundance for a feature not to be filtered: 0.023000
2024-07-10 08:54:52 INFO::Total filtered features: 1
2024-07-10 08:54:52 INFO::Filtered feature names from abundance and prevalence filtering: Phenol
2024-07-10 08:54:52 INFO::Total filtered features with variance filtering: 2
2024-07-10 08:54:52 INFO::Filtered feature names from variance filtering: sample, studyID
2024-07-10 08:54:52 INFO::Running selected normalization method: NONE
2024-07-10 08:54:52 INFO::Applying z-score to standardize continuous metadata
2024-07-10 08:54:52 INFO::Running selected transform method: NONE
2024-07-10 08:54:52 INFO::Running selected analysis method: LM
2024-07-10 08:54:52 INFO::Fitting model to feature number 1, Methylamine
