2024-07-10 08:51:25 INFO::Writing function arguments to log file
2024-07-10 08:51:25 DEBUG::Function arguments
2024-07-10 08:51:25 DEBUG::Output folder: Maaslin2_d2_lm_TSS_notransf
2024-07-10 08:51:25 DEBUG::Min Abundance: 0.000000
2024-07-10 08:51:25 DEBUG::Min Prevalence: 0.001000
2024-07-10 08:51:25 DEBUG::Normalization: TSS
2024-07-10 08:51:25 DEBUG::Transform: NONE
2024-07-10 08:51:25 DEBUG::Analysis method: LM
2024-07-10 08:51:25 DEBUG::Max significance: 0.250000
2024-07-10 08:51:25 DEBUG::Random effects: studyID
2024-07-10 08:51:25 DEBUG::Fixed effects: heart_cond
2024-07-10 08:51:25 DEBUG::Correction method: BH
2024-07-10 08:51:25 DEBUG::Standardize: TRUE
2024-07-10 08:51:25 DEBUG::Cores: 1
2024-07-10 08:51:25 INFO::Verifying options selected are valid
2024-07-10 08:51:25 INFO::Determining format of input files
2024-07-10 08:51:25 INFO::Input format is data samples as rows and metadata samples as rows
2024-07-10 08:51:25 DEBUG::The following samples were found to have features but no metadata. They will be removed. 24,25,26,27,28,29,30,31,32,33,34,35,36,37,38,39,40,41,42,43,44,45,46
2024-07-10 08:51:25 DEBUG::A total of 23 samples were found in both the data and metadata
2024-07-10 08:51:25 DEBUG::Reordering data/metadata to use same sample ordering
2024-07-10 08:51:25 INFO::Formula for random effects: expr ~ (1 | studyID)
2024-07-10 08:51:25 INFO::Formula for fixed effects: expr ~  heart_cond
2024-07-10 08:51:25 INFO::Filter data based on min abundance and min prevalence
2024-07-10 08:51:25 INFO::Total samples in data: 23
2024-07-10 08:51:25 INFO::Min samples required with min abundance for a feature not to be filtered: 0.023000
2024-07-10 08:51:25 INFO::Total filtered features: 1
2024-07-10 08:51:25 INFO::Filtered feature names from abundance and prevalence filtering: Phenol
2024-07-10 08:51:25 INFO::Total filtered features with variance filtering: 2
2024-07-10 08:51:25 INFO::Filtered feature names from variance filtering: sample, studyID
2024-07-10 08:51:25 INFO::Running selected normalization method: TSS
2024-07-10 08:51:25 INFO::Applying z-score to standardize continuous metadata
2024-07-10 08:51:25 INFO::Running selected transform method: NONE
2024-07-10 08:51:25 INFO::Running selected analysis method: LM
2024-07-10 08:51:26 INFO::Fitting model to feature number 1, Methylamine
2024-07-10 08:51:26 WARNING::Fitting problem for feature 1 returning NA
2024-07-10 08:51:26 INFO::Fitting model to feature number 2, sn.Glycero.3.phosphocholine
2024-07-10 08:51:26 WARNING::Fitting problem for feature 2 returning NA
2024-07-10 08:51:26 INFO::Fitting model to feature number 3, Dimethylamine
2024-07-10 08:51:26 WARNING::Fitting problem for feature 3 returning NA
2024-07-10 08:51:26 INFO::Fitting model to feature number 4, Ethylene.glycol
2024-07-10 08:51:26 WARNING::Fitting problem for feature 4 returning NA
2024-07-10 08:51:26 INFO::Fitting model to feature number 5, Choline
2024-07-10 08:51:26 WARNING::Fitting problem for feature 5 returning NA
2024-07-10 08:51:26 INFO::Fitting model to feature number 6, Methanol
2024-07-10 08:51:26 WARNING::Fitting problem for feature 6 returning NA
2024-07-10 08:51:26 INFO::Fitting model to feature number 7, Alanine
2024-07-10 08:51:26 WARNING::Fitting problem for feature 7 returning NA
2024-07-10 08:51:26 INFO::Fitting model to feature number 8, Pyruvate
2024-07-10 08:51:26 WARNING::Fitting problem for feature 8 returning NA
2024-07-10 08:51:26 INFO::Fitting model to feature number 9, Isopropanol
2024-07-10 08:51:26 WARNING::Fitting problem for feature 9 returning NA
2024-07-10 08:51:26 INFO::Fitting model to feature number 10, Succinate
2024-07-10 08:51:26 WARNING::Fitting problem for feature 10 returning NA
2024-07-10 08:51:26 INFO::Fitting model to feature number 11, O.Phosphocholine
2024-07-10 08:51:26 WARNING::Fitting problem for feature 11 returning NA
2024-07-10 08:51:26 INFO::Fitting model to feature number 12, Acetone
2024-07-10 08:51:26 WARNING::Fitting problem for feature 12 returning NA
2024-07-10 08:51:26 INFO::Fitting model to feature number 13, Sucrose
2024-07-10 08:51:26 WARNING::Fitting problem for feature 13 returning NA
2024-07-10 08:51:26 INFO::Fitting model to feature number 14, Phenylalanine
2024-07-10 08:51:26 WARNING::Fitting problem for feature 14 returning NA
2024-07-10 08:51:26 INFO::Fitting model to feature number 15, Dimethyl.sulfone
2024-07-10 08:51:26 WARNING::Fitting problem for feature 15 returning NA
2024-07-10 08:51:26 INFO::Fitting model to feature number 16, Creatine
2024-07-10 08:51:26 WARNING::Fitting problem for feature 16 returning NA
2024-07-10 08:51:26 INFO::Fitting model to feature number 17, Acetoin
2024-07-10 08:51:26 WARNING::Fitting problem for feature 17 returning NA
2024-07-10 08:51:26 INFO::Fitting model to feature number 18, Lactate
2024-07-10 08:51:26 WARNING::Fitting problem for feature 18 returning NA
2024-07-10 08:51:26 INFO::Fitting model to feature number 19, Butyrate
2024-07-10 08:51:26 WARNING::Fitting problem for feature 19 returning NA
2024-07-10 08:51:26 INFO::Fitting model to feature number 20, Formate
2024-07-10 08:51:26 WARNING::Fitting problem for feature 20 returning NA
2024-07-10 08:51:26 INFO::Fitting model to feature number 21, Propylene.glycol
2024-07-10 08:51:26 WARNING::Fitting problem for feature 21 returning NA
2024-07-10 08:51:26 INFO::Fitting model to feature number 22, Histidine
2024-07-10 08:51:26 WARNING::Fitting problem for feature 22 returning NA
2024-07-10 08:51:26 INFO::Fitting model to feature number 23, Citrate
2024-07-10 08:51:26 WARNING::Fitting problem for feature 23 returning NA
2024-07-10 08:51:26 INFO::Fitting model to feature number 24, Putrescine
2024-07-10 08:51:26 WARNING::Fitting problem for feature 24 returning NA
2024-07-10 08:51:26 INFO::Fitting model to feature number 25, Tyrosine
2024-07-10 08:51:26 WARNING::Fitting problem for feature 25 returning NA
2024-07-10 08:51:26 INFO::Fitting model to feature number 26, Ethanolamine
2024-07-10 08:51:26 WARNING::Fitting problem for feature 26 returning NA
2024-07-10 08:51:26 INFO::Fitting model to feature number 27, Proline
2024-07-10 08:51:26 WARNING::Fitting problem for feature 27 returning NA
2024-07-10 08:51:26 INFO::Fitting model to feature number 28, Ethanol
2024-07-10 08:51:26 WARNING::Fitting problem for feature 28 returning NA
2024-07-10 08:51:26 INFO::Fitting model to feature number 29, Galactose
2024-07-10 08:51:26 WARNING::Fitting problem for feature 29 returning NA
2024-07-10 08:51:26 INFO::Fitting model to feature number 30, Fucose
2024-07-10 08:51:26 WARNING::Fitting problem for feature 30 returning NA
2024-07-10 08:51:26 INFO::Fitting model to feature number 31, Acetate
2024-07-10 08:51:26 WARNING::Fitting problem for feature 31 returning NA
2024-07-10 08:51:26 INFO::Fitting model to feature number 32, Glycine
2024-07-10 08:51:26 WARNING::Fitting problem for feature 32 returning NA
2024-07-10 08:51:26 INFO::Fitting model to feature number 33, Glucose
2024-07-10 08:51:26 WARNING::Fitting problem for feature 33 returning NA
2024-07-10 08:51:26 INFO::Fitting model to feature number 34, Urea
2024-07-10 08:51:26 WARNING::Fitting problem for feature 34 returning NA
2024-07-10 08:51:26 INFO::Fitting model to feature number 35, O.Phosphoethanolamine
2024-07-10 08:51:26 WARNING::Fitting problem for feature 35 returning NA
2024-07-10 08:51:26 INFO::Fitting model to feature number 36, X5.Aminopentanoate
2024-07-10 08:51:26 WARNING::Fitting problem for feature 36 returning NA
2024-07-10 08:51:26 INFO::Fitting model to feature number 37, Taurine
2024-07-10 08:51:26 WARNING::Fitting problem for feature 37 returning NA
2024-07-10 08:51:26 INFO::Fitting model to feature number 38, Propionate
2024-07-10 08:51:26 WARNING::Fitting problem for feature 38 returning NA
2024-07-10 08:51:26 INFO::Fitting model to feature number 39, Isoleucine
2024-07-10 08:51:27 WARNING::Fitting problem for feature 39 returning NA
2024-07-10 08:51:27 INFO::Fitting model to feature number 40, Valine
2024-07-10 08:51:27 WARNING::Fitting problem for feature 40 returning NA
2024-07-10 08:51:27 INFO::Fitting model to feature number 41, Isovalerate
2024-07-10 08:51:27 WARNING::Fitting problem for feature 41 returning NA
2024-07-10 08:51:27 INFO::Fitting model to feature number 42, Leucine
2024-07-10 08:51:27 WARNING::Fitting problem for feature 42 returning NA
2024-07-10 08:51:27 INFO::Fitting model to feature number 43, Creatinine
2024-07-10 08:51:27 WARNING::Fitting problem for feature 43 returning NA
2024-07-10 08:51:27 INFO::Fitting model to feature number 44, Maltose
2024-07-10 08:51:27 WARNING::Fitting problem for feature 44 returning NA
2024-07-10 08:51:27 INFO::Fitting model to feature number 45, Fumarate
2024-07-10 08:51:27 WARNING::Fitting problem for feature 45 returning NA
2024-07-10 08:51:27 INFO::Fitting model to feature number 46, Hypoxanthine
2024-07-10 08:51:27 WARNING::Fitting problem for feature 46 returning NA
2024-07-10 08:51:27 INFO::Fitting model to feature number 47, Uracil
2024-07-10 08:51:27 WARNING::Fitting problem for feature 47 returning NA
2024-07-10 08:51:27 INFO::Fitting model to feature number 48, Ornithine
2024-07-10 08:51:27 WARNING::Fitting problem for feature 48 returning NA
2024-07-10 08:51:27 INFO::Counting total values for each feature
2024-07-10 08:51:27 WARNING::Deleting existing residuals file: Maaslin2_d2_lm_TSS_notransf/residuals.rds
2024-07-10 08:51:27 INFO::Writing residuals to file Maaslin2_d2_lm_TSS_notransf/residuals.rds
2024-07-10 08:51:27 WARNING::Deleting existing fitted file: Maaslin2_d2_lm_TSS_notransf/fitted.rds
2024-07-10 08:51:27 INFO::Writing fitted values to file Maaslin2_d2_lm_TSS_notransf/fitted.rds
2024-07-10 08:51:27 WARNING::Deleting existing ranef file: Maaslin2_d2_lm_TSS_notransf/ranef.rds
2024-07-10 08:51:27 INFO::Writing extracted random effects to file Maaslin2_d2_lm_TSS_notransf/ranef.rds
2024-07-10 08:51:27 INFO::Writing all results to file (ordered by increasing q-values): Maaslin2_d2_lm_TSS_notransf/all_results.tsv
2024-07-10 08:51:27 INFO::Writing the significant results (those which are less than or equal to the threshold of 0.250000 ) to file (ordered by increasing q-values): Maaslin2_d2_lm_TSS_notransf/significant_results.tsv
2024-07-10 08:51:27 INFO::Writing heatmap of significant results to file: Maaslin2_d2_lm_TSS_notransf/heatmap.pdf
2024-07-10 08:51:27 INFO::Writing association plots (one for each significant association) to output folder: Maaslin2_d2_lm_TSS_notransf
