2024-07-04 13:59:00 INFO::Writing function arguments to log file
2024-07-04 13:59:00 DEBUG::Function arguments
2024-07-04 13:59:00 DEBUG::Output folder: Maaslin2_d1_lm_CLR_notransf_out
2024-07-04 13:59:00 DEBUG::Min Abundance: 0.000000
2024-07-04 13:59:00 DEBUG::Min Prevalence: 0.001000
2024-07-04 13:59:00 DEBUG::Normalization: CLR
2024-07-04 13:59:00 DEBUG::Transform: NONE
2024-07-04 13:59:00 DEBUG::Analysis method: LM
2024-07-04 13:59:00 DEBUG::Max significance: 0.250000
2024-07-04 13:59:00 DEBUG::Random effects: studyID
2024-07-04 13:59:00 DEBUG::Fixed effects: heart_cond
2024-07-04 13:59:00 DEBUG::Correction method: BH
2024-07-04 13:59:00 DEBUG::Standardize: TRUE
2024-07-04 13:59:00 DEBUG::Cores: 1
2024-07-04 13:59:00 INFO::Verifying options selected are valid
2024-07-04 13:59:00 INFO::Determining format of input files
2024-07-04 13:59:00 INFO::Input format is data samples as rows and metadata samples as rows
2024-07-04 13:59:00 DEBUG::A total of 95 samples were found in both the data and metadata
2024-07-04 13:59:00 DEBUG::Reordering data/metadata to use same sample ordering
2024-07-04 13:59:00 INFO::Formula for random effects: expr ~ (1 | studyID)
2024-07-04 13:59:00 INFO::Formula for fixed effects: expr ~  heart_cond
2024-07-04 13:59:00 INFO::Filter data based on min abundance and min prevalence
2024-07-04 13:59:00 INFO::Total samples in data: 95
2024-07-04 13:59:00 INFO::Min samples required with min abundance for a feature not to be filtered: 0.095000
2024-07-04 13:59:00 INFO::Total filtered features: 0
2024-07-04 13:59:00 INFO::Filtered feature names from abundance and prevalence filtering:
2024-07-04 13:59:00 INFO::Total filtered features with variance filtering: 1
2024-07-04 13:59:00 INFO::Filtered feature names from variance filtering: sample
2024-07-04 13:59:00 INFO::Running selected normalization method: CLR
2024-07-04 13:59:00 INFO::Applying z-score to standardize continuous metadata
2024-07-04 13:59:00 INFO::Running selected transform method: NONE
2024-07-04 13:59:00 INFO::Running selected analysis method: LM
2024-07-04 13:59:00 INFO::Fitting model to feature number 1, Taurine
2024-07-04 13:59:01 WARNING::Fitting problem for feature 1 returning NA
2024-07-04 13:59:01 INFO::Fitting model to feature number 2, Cytidine
2024-07-04 13:59:01 WARNING::Fitting problem for feature 2 returning NA
2024-07-04 13:59:01 INFO::Fitting model to feature number 3, Purine
2024-07-04 13:59:01 WARNING::Fitting problem for feature 3 returning NA
2024-07-04 13:59:01 INFO::Fitting model to feature number 4, Leucine
2024-07-04 13:59:01 WARNING::Fitting problem for feature 4 returning NA
2024-07-04 13:59:01 INFO::Fitting model to feature number 5, Spermine
2024-07-04 13:59:01 WARNING::Fitting problem for feature 5 returning NA
2024-07-04 13:59:01 INFO::Fitting model to feature number 6, Uridine
2024-07-04 13:59:01 WARNING::Fitting problem for feature 6 returning NA
2024-07-04 13:59:01 INFO::Fitting model to feature number 7, Phenylpyruvate
2024-07-04 13:59:01 WARNING::Fitting problem for feature 7 returning NA
2024-07-04 13:59:01 INFO::Fitting model to feature number 8, Thymidine
2024-07-04 13:59:01 WARNING::Fitting problem for feature 8 returning NA
2024-07-04 13:59:01 INFO::Fitting model to feature number 9, Citrulline
2024-07-04 13:59:01 WARNING::Fitting problem for feature 9 returning NA
2024-07-04 13:59:01 INFO::Fitting model to feature number 10, Glucose.6.phosphate
2024-07-04 13:59:01 WARNING::Fitting problem for feature 10 returning NA
2024-07-04 13:59:01 INFO::Fitting model to feature number 11, Xanthosine
2024-07-04 13:59:01 WARNING::Fitting problem for feature 11 returning NA
2024-07-04 13:59:01 INFO::Fitting model to feature number 12, Adenosine
2024-07-04 13:59:01 WARNING::Fitting problem for feature 12 returning NA
2024-07-04 13:59:01 INFO::Fitting model to feature number 13, Inosine
2024-07-04 13:59:01 WARNING::Fitting problem for feature 13 returning NA
2024-07-04 13:59:01 INFO::Fitting model to feature number 14, Niacinamide
2024-07-04 13:59:01 WARNING::Fitting problem for feature 14 returning NA
2024-07-04 13:59:01 INFO::Fitting model to feature number 15, Ornithine
2024-07-04 13:59:01 WARNING::Fitting problem for feature 15 returning NA
2024-07-04 13:59:01 INFO::Fitting model to feature number 16, Uracil
2024-07-04 13:59:01 WARNING::Fitting problem for feature 16 returning NA
2024-07-04 13:59:01 INFO::Fitting model to feature number 17, X5.hydroxyindoleacetic.acid
2024-07-04 13:59:01 WARNING::Fitting problem for feature 17 returning NA
2024-07-04 13:59:01 INFO::Fitting model to feature number 18, Serine
2024-07-04 13:59:01 WARNING::Fitting problem for feature 18 returning NA
2024-07-04 13:59:01 INFO::Fitting model to feature number 19, Hypoxanthine
2024-07-04 13:59:01 WARNING::Fitting problem for feature 19 returning NA
2024-07-04 13:59:01 INFO::Fitting model to feature number 20, Glycine
2024-07-04 13:59:01 WARNING::Fitting problem for feature 20 returning NA
2024-07-04 13:59:01 INFO::Fitting model to feature number 21, Xanthine
2024-07-04 13:59:01 WARNING::Fitting problem for feature 21 returning NA
2024-07-04 13:59:01 INFO::Fitting model to feature number 22, Serotonin
2024-07-04 13:59:01 WARNING::Fitting problem for feature 22 returning NA
2024-07-04 13:59:01 INFO::Counting total values for each feature
2024-07-04 13:59:01 INFO::Writing residuals to file Maaslin2_d1_lm_CLR_notransf_out/residuals.rds
2024-07-04 13:59:01 INFO::Writing fitted values to file Maaslin2_d1_lm_CLR_notransf_out/fitted.rds
2024-07-04 13:59:01 INFO::Writing extracted random effects to file Maaslin2_d1_lm_CLR_notransf_out/ranef.rds
2024-07-04 13:59:01 INFO::Writing all results to file (ordered by increasing q-values): Maaslin2_d1_lm_CLR_notransf_out/all_results.tsv
2024-07-04 13:59:01 INFO::Writing the significant results (those which are less than or equal to the threshold of 0.250000 ) to file (ordered by increasing q-values): Maaslin2_d1_lm_CLR_notransf_out/significant_results.tsv
2024-07-04 13:59:01 INFO::Writing heatmap of significant results to file: Maaslin2_d1_lm_CLR_notransf_out/heatmap.pdf
2024-07-04 13:59:01 INFO::Writing association plots (one for each significant association) to output folder: Maaslin2_d1_lm_CLR_notransf_out
